{"name": "test_verify_flight_booking_with_special_fare_armed_forces", "status": "broken", "statusDetails": {"message": "selenium.common.exceptions.NoSuchElementException: Message: \n Element {com.makemytrip:id/review_tv} was not present after 6 seconds!", "trace": "self = <test.test_demo_application.MMT_Application_test testMethod=test_verify_flight_booking_with_special_fare_armed_forces>\n\n    @pytest.mark.all\n    @pytest.mark.success\n    def test_verify_flight_booking_with_special_fare_armed_forces(self):\n        self.enter_phone_number('7818915188')\n        self.click_on_continue_btn()\n        self.login_via_password()\n        self.enter_password('Freedom2022@')\n        self.click_on_submit_btn()\n        self.select_the_language()\n        self.click_on_continue()\n        self.verify_homepage()\n        self.click_on_flight()\n        self.validate_redirection_on_flight_search()\n        self.click_on_from()\n        self.select_city_from_to('Bangkok')\n        self.select_city_from_to('Bengaluru')\n        self.verify_city_name('Bangkok','Bengaluru')\n        self.click_on_departure_date()\n        self.select_date_of_departure()\n        self.click_on_done()\n        self.select_special_fare_option()\n        self.click_on_search_flight()\n        self.verify_special_fare_msg()\n        self.click_on_okay()\n        self.click_on_got_it()\n        self.select_flight_compare_fare()\n        self.scroll_up()\n        self.sleep(2)\n        self.scroll_up()\n        self.click_to_check_box()\n        self.scroll_up()\n        self.scroll_up()\n        self.fill_travellers_details()\n        self.click_to_continue()\n        self.review_details()\n        self.go_back()\n        self.sleep(6)\n>       self.click_to_continue()\n\ntest\\test_demo_application.py:46: \n_ _ _ _ _ _ _ _ _ _ _ _ _ _ _ _ _ _ _ _ _ _ _ _ _ _ _ _ _ _ _ _ _ _ _ _ _ _ _ _ _ _ _ _ _ _ _ _ _ _ _ _ _ _ _ _ _ _ _ _ _ _ _ _ _ _ _ _ _ _ _ _ _ _ _ _ _ _ _ _ _ \nsrc\\pages\\flight_search.py:188: in click_to_continue\n    self.click(continues)\nc:\\users\\pawan\\appdata\\local\\programs\\python\\python39\\lib\\site-packages\\appiumbase\\fixtures\\base_case.py:42: in click\n    element = page_actions.wait_for_element_visible(self.driver, selector, by, timeout=timeout)\nc:\\users\\pawan\\appdata\\local\\programs\\python\\python39\\lib\\site-packages\\appiumbase\\fixtures\\page_actions.py:352: in wait_for_element_visible\n    timeout_exception(NoSuchElementException, message)\n_ _ _ _ _ _ _ _ _ _ _ _ _ _ _ _ _ _ _ _ _ _ _ _ _ _ _ _ _ _ _ _ _ _ _ _ _ _ _ _ _ _ _ _ _ _ _ _ _ _ _ _ _ _ _ _ _ _ _ _ _ _ _ _ _ _ _ _ _ _ _ _ _ _ _ _ _ _ _ _ _ \n\nexception = <class 'selenium.common.exceptions.NoSuchElementException'>, message = '\\n Element {com.makemytrip:id/review_tv} was not present after 6 seconds!'\n\n    def timeout_exception(exception, message):\n        exception, message = s_utils.format_exc(exception, message)\n>       raise exception(message)\nE       selenium.common.exceptions.NoSuchElementException: Message: \nE        Element {com.makemytrip:id/review_tv} was not present after 6 seconds!\n\nc:\\users\\pawan\\appdata\\local\\programs\\python\\python39\\lib\\site-packages\\appiumbase\\fixtures\\page_actions.py:161: NoSuchElementException"}, "steps": [{"name": "Entering phone number", "status": "passed", "parameters": [{"name": "phone_number", "value": "'7818915188'"}], "start": 1651664889039, "stop": 1651664926637}, {"name": "Clicking on continue btn", "status": "passed", "start": 1651664926638, "stop": 1651664928332}, {"name": "Clicking on Login via Password", "status": "passed", "start": 1651664928332, "stop": 1651664933284}, {"name": "Entering password", "status": "passed", "parameters": [{"name": "password", "value": "'Freedom2022@'"}], "start": 1651664933284, "stop": 1651664936522}, {"name": "Clicking on submit btn", "status": "passed", "start": 1651664936522, "stop": 1651664938430}, {"name": "Selecting the language", "status": "passed", "start": 1651664938430, "stop": 1651664950688}, {"name": "Clicking on continue", "status": "passed", "start": 1651664950688, "stop": 1651664953952}, {"name": "Verifying homepage", "status": "passed", "start": 1651664953953, "stop": 1651664954020}, {"name": "Clicking on Flights", "status": "passed", "start": 1651664954020, "stop": 1651664957850}, {"name": "Validation redirection after click on flight", "status": "passed", "start": 1651664957850, "stop": 1651664962817}, {"name": "Clicking on from option", "status": "passed", "start": 1651664962818, "stop": 1651664963197}, {"name": "Selecting city", "status": "passed", "parameters": [{"name": "city", "value": "'Bangkok'"}], "start": 1651664963198, "stop": 1651664966589}, {"name": "Selecting city", "status": "passed", "parameters": [{"name": "city", "value": "'Bengaluru'"}], "start": 1651664966589, "stop": 1651664966891}, {"name": "Verifying selected city display correctly", "status": "passed", "parameters": [{"name": "city_from", "value": "'Bangkok'"}, {"name": "city_to", "value": "'Bengaluru'"}], "start": 1651664966892, "stop": 1651664969602}, {"name": "Clicking on departure date", "status": "passed", "start": 1651664969602, "stop": 1651664969937}, {"name": "Selecting date", "status": "passed", "start": 1651664969937, "stop": 1651664978769}, {"name": "Clicking on done after select date", "status": "passed", "start": 1651664978770, "stop": 1651664980368}, {"name": "Selecting special fare option", "status": "passed", "start": 1651664980368, "stop": 1651664981367}, {"name": "clicking on search flight", "status": "passed", "start": 1651664981368, "stop": 1651664982086}, {"name": "Verifying special fare message", "status": "passed", "start": 1651664982087, "stop": 1651664986208}, {"name": "Clicking on okay", "status": "passed", "start": 1651664986209, "stop": 1651664986402}, {"name": "Clicking on Got it btn", "status": "passed", "start": 1651664986402, "stop": 1651664995759}, {"name": "Selecting flight and compare fare", "status": "passed", "start": 1651664995759, "stop": 1651665014984}, {"name": "scrolling up", "status": "passed", "start": 1651665014985, "stop": 1651665024410}, {"name": "scrolling up", "status": "passed", "start": 1651665028448, "stop": 1651665037446}, {"name": "Clicking to check box", "status": "passed", "start": 1651665037446, "stop": 1651665037582}, {"name": "scrolling up", "status": "passed", "start": 1651665037582, "stop": 1651665046525}, {"name": "scrolling up", "status": "passed", "start": 1651665046525, "stop": 1651665055526}, {"name": "Filling travellers details", "status": "passed", "steps": [{"name": "scrolling up", "status": "passed", "start": 1651665065330, "stop": 1651665074299}, {"name": "Entering Date of birth", "status": "passed", "parameters": [{"name": "years", "value": "'1996'"}], "start": 1651665081482, "stop": 1651665086733}], "start": 1651665055526, "stop": 1651665093600}, {"name": "Clicking to continue", "status": "passed", "start": 1651665093600, "stop": 1651665093770}, {"name": "Reviewing details", "status": "passed", "start": 1651665093770, "stop": 1651665095899}, {"name": "Clicking to continue", "status": "broken", "statusDetails": {"message": "selenium.common.exceptions.NoSuchElementException: Message: \n Element {com.makemytrip:id/review_tv} was not present after 6 seconds!\n\n", "trace": "  File \"c:\\users\\pawan\\appdata\\local\\programs\\python\\python39\\lib\\site-packages\\allure_commons\\_allure.py\", line 172, in impl\n    return func(*a, **kw)\n  File \"E:\\BMT_Work\\BmtAppDemo\\src\\pages\\flight_search.py\", line 188, in click_to_continue\n    self.click(continues)\n  File \"c:\\users\\pawan\\appdata\\local\\programs\\python\\python39\\lib\\site-packages\\appiumbase\\fixtures\\base_case.py\", line 42, in click\n    element = page_actions.wait_for_element_visible(self.driver, selector, by, timeout=timeout)\n  File \"c:\\users\\pawan\\appdata\\local\\programs\\python\\python39\\lib\\site-packages\\appiumbase\\fixtures\\page_actions.py\", line 352, in wait_for_element_visible\n    timeout_exception(NoSuchElementException, message)\n  File \"c:\\users\\pawan\\appdata\\local\\programs\\python\\python39\\lib\\site-packages\\appiumbase\\fixtures\\page_actions.py\", line 161, in timeout_exception\n    raise exception(message)\n"}, "start": 1651665110684, "stop": 1651665116868}], "start": 1651664889038, "stop": 1651665119334, "uuid": "464f67ae-e229-4883-a945-4eae9ad09542", "historyId": "613d6cb44d16a67711319702cad17dfa", "testCaseId": "3f4ee9e0e3810a0af2d73f9151beb00b", "fullName": "test.test_demo_application.MMT_Application_test#test_verify_flight_booking_with_special_fare_armed_forces", "labels": [{"name": "tag", "value": "success"}, {"name": "tag", "value": "all"}, {"name": "parentSuite", "value": "test"}, {"name": "suite", "value": "test_demo_application"}, {"name": "subSuite", "value": "MMT_Application_test"}, {"name": "host", "value": "BMT-LAP-105"}, {"name": "thread", "value": "8340-MainThread"}, {"name": "framework", "value": "pytest"}, {"name": "language", "value": "cpython3"}, {"name": "package", "value": "test.test_demo_application"}]}