{"name": "test_verify_flight_booking_with_special_fare_armed_forces", "status": "broken", "statusDetails": {"message": "selenium.common.exceptions.NoSuchElementException: Message: \n Element {com.makemytrip:id/tv_final_fare} was not present after 6 seconds!", "trace": "self = <test.test_demo_application.MMT_Application_test testMethod=test_verify_flight_booking_with_special_fare_armed_forces>\n\n    @pytest.mark.all\n    @pytest.mark.success\n    def test_verify_flight_booking_with_special_fare_armed_forces(self):\n        self.enter_phone_number('7818915188')\n        self.click_on_continue_btn()\n        self.login_via_password()\n        self.enter_password('Freedom2022@')\n        self.click_on_submit_btn()\n        self.select_the_language()\n        self.click_on_continue()\n        self.verify_homepage()\n        self.click_on_flight()\n        self.validate_redirection_on_flight_search()\n        self.click_on_from()\n        self.select_city_from_to('Bangkok')\n        self.select_city_from_to('Bengaluru')\n        self.verify_city_name('Bangkok','Bengaluru')\n        self.click_on_departure_date()\n        self.select_date_of_departure()\n        self.click_on_done()\n        #self.click_on_traveller()\n        #self.increase_child_passenger()\n        #self.click_on_done()\n        self.select_special_fare_option()\n        self.click_on_search_flight()\n        self.verify_special_fare_msg()\n        self.click_on_okay()\n        #self.click_on_show_me()\n        self.click_on_got_it()\n>       self.select_flight_compare_fare()\n\ntest\\test_demo_application.py:38: \n_ _ _ _ _ _ _ _ _ _ _ _ _ _ _ _ _ _ _ _ _ _ _ _ _ _ _ _ _ _ _ _ _ _ _ _ _ _ _ _ _ _ _ _ _ _ _ _ _ _ _ _ _ _ _ _ _ _ _ _ _ _ _ _ _ _ _ _ _ _ _ _ _ _ _ _ _ _ _ _ _ \nsrc\\pages\\flight_search.py:126: in select_flight_compare_fare\n    final_fares = self.get_attribute(final_fare, 'text')\nc:\\users\\pawan\\appdata\\local\\programs\\python\\python39\\lib\\site-packages\\appiumbase\\fixtures\\base_case.py:412: in get_attribute\n    element = page_actions.wait_for_element_present(\nc:\\users\\pawan\\appdata\\local\\programs\\python\\python39\\lib\\site-packages\\appiumbase\\fixtures\\page_actions.py:302: in wait_for_element_present\n    timeout_exception(NoSuchElementException, message)\n_ _ _ _ _ _ _ _ _ _ _ _ _ _ _ _ _ _ _ _ _ _ _ _ _ _ _ _ _ _ _ _ _ _ _ _ _ _ _ _ _ _ _ _ _ _ _ _ _ _ _ _ _ _ _ _ _ _ _ _ _ _ _ _ _ _ _ _ _ _ _ _ _ _ _ _ _ _ _ _ _ \n\nexception = <class 'selenium.common.exceptions.NoSuchElementException'>, message = '\\n Element {com.makemytrip:id/tv_final_fare} was not present after 6 seconds!'\n\n    def timeout_exception(exception, message):\n        exception, message = s_utils.format_exc(exception, message)\n>       raise exception(message)\nE       selenium.common.exceptions.NoSuchElementException: Message: \nE        Element {com.makemytrip:id/tv_final_fare} was not present after 6 seconds!\n\nc:\\users\\pawan\\appdata\\local\\programs\\python\\python39\\lib\\site-packages\\appiumbase\\fixtures\\page_actions.py:161: NoSuchElementException"}, "steps": [{"name": "Entering phone number", "status": "passed", "parameters": [{"name": "phone_number", "value": "'7818915188'"}], "start": 1651660383674, "stop": 1651660413132}, {"name": "Clicking on continue btn", "status": "passed", "start": 1651660413133, "stop": 1651660413891}, {"name": "Clicking on Login via Password", "status": "passed", "start": 1651660413891, "stop": 1651660419318}, {"name": "Entering password", "status": "passed", "parameters": [{"name": "password", "value": "'Freedom2022@'"}], "start": 1651660419318, "stop": 1651660423030}, {"name": "Clicking on submit btn", "status": "passed", "start": 1651660423030, "stop": 1651660424729}, {"name": "Selecting the language", "status": "passed", "start": 1651660424730, "stop": 1651660438399}, {"name": "Clicking on continue", "status": "passed", "start": 1651660438399, "stop": 1651660442012}, {"name": "Verifying homepage", "status": "passed", "start": 1651660442012, "stop": 1651660442073}, {"name": "Clicking on Flights", "status": "passed", "start": 1651660442073, "stop": 1651660442460}, {"name": "Validation redirection after click on flight", "status": "passed", "start": 1651660442461, "stop": 1651660447802}, {"name": "Clicking on from option", "status": "passed", "start": 1651660447803, "stop": 1651660448190}, {"name": "Selecting city", "status": "passed", "parameters": [{"name": "city", "value": "'Bangkok'"}], "start": 1651660448190, "stop": 1651660451129}, {"name": "Selecting city", "status": "passed", "parameters": [{"name": "city", "value": "'Bengaluru'"}], "start": 1651660451129, "stop": 1651660452048}, {"name": "Verifying selected city display correctly", "status": "passed", "parameters": [{"name": "city_from", "value": "'Bangkok'"}, {"name": "city_to", "value": "'Bengaluru'"}], "start": 1651660452048, "stop": 1651660454768}, {"name": "Clicking on departure date", "status": "passed", "start": 1651660454768, "stop": 1651660455064}, {"name": "Selecting date", "status": "passed", "start": 1651660455064, "stop": 1651660463889}, {"name": "Clicking on done after select date", "status": "passed", "start": 1651660463889, "stop": 1651660464847}, {"name": "Selecting special fare option", "status": "passed", "start": 1651660464847, "stop": 1651660465766}, {"name": "clicking on search flight", "status": "passed", "start": 1651660465766, "stop": 1651660466481}, {"name": "Verifying special fare message", "status": "passed", "start": 1651660466482, "stop": 1651660472543}, {"name": "Clicking on okay", "status": "passed", "start": 1651660472544, "stop": 1651660472652}, {"name": "Clicking on Got it btn", "status": "passed", "start": 1651660472652, "stop": 1651660482285}, {"name": "Selecting flight and compare fare", "status": "broken", "statusDetails": {"message": "selenium.common.exceptions.NoSuchElementException: Message: \n Element {com.makemytrip:id/tv_final_fare} was not present after 6 seconds!\n\n", "trace": "  File \"c:\\users\\pawan\\appdata\\local\\programs\\python\\python39\\lib\\site-packages\\allure_commons\\_allure.py\", line 172, in impl\n    return func(*a, **kw)\n  File \"E:\\BMT_Work\\BmtAppDemo\\src\\pages\\flight_search.py\", line 126, in select_flight_compare_fare\n    final_fares = self.get_attribute(final_fare, 'text')\n  File \"c:\\users\\pawan\\appdata\\local\\programs\\python\\python39\\lib\\site-packages\\appiumbase\\fixtures\\base_case.py\", line 412, in get_attribute\n    element = page_actions.wait_for_element_present(\n  File \"c:\\users\\pawan\\appdata\\local\\programs\\python\\python39\\lib\\site-packages\\appiumbase\\fixtures\\page_actions.py\", line 302, in wait_for_element_present\n    timeout_exception(NoSuchElementException, message)\n  File \"c:\\users\\pawan\\appdata\\local\\programs\\python\\python39\\lib\\site-packages\\appiumbase\\fixtures\\page_actions.py\", line 161, in timeout_exception\n    raise exception(message)\n"}, "start": 1651660482285, "stop": 1651660504571}], "start": 1651660383674, "stop": 1651660505898, "uuid": "460f16e1-3057-45a0-8092-2897b4bf5acd", "historyId": "613d6cb44d16a67711319702cad17dfa", "testCaseId": "3f4ee9e0e3810a0af2d73f9151beb00b", "fullName": "test.test_demo_application.MMT_Application_test#test_verify_flight_booking_with_special_fare_armed_forces", "labels": [{"name": "tag", "value": "success"}, {"name": "tag", "value": "all"}, {"name": "parentSuite", "value": "test"}, {"name": "suite", "value": "test_demo_application"}, {"name": "subSuite", "value": "MMT_Application_test"}, {"name": "host", "value": "BMT-LAP-105"}, {"name": "thread", "value": "1344-MainThread"}, {"name": "framework", "value": "pytest"}, {"name": "language", "value": "cpython3"}, {"name": "package", "value": "test.test_demo_application"}]}