{"name": "test_verify_flight_booking_with_special_fare_armed_forces", "status": "broken", "statusDetails": {"message": "selenium.common.exceptions.NoSuchElementException: Message: \n Element {//*[@text=\"OKAY,GOT IT\"]} was not present after 6 seconds!", "trace": "self = <test.test_demo_application.MMT_Application_test testMethod=test_verify_flight_booking_with_special_fare_armed_forces>\n\n    @pytest.mark.all\n    @pytest.mark.success\n    def test_verify_flight_booking_with_special_fare_armed_forces(self):\n        self.enter_phone_number('9818173207')\n        self.click_on_continue_btn()\n        self.login_via_password()\n        self.enter_password('Freedom2022@')\n        self.click_on_submit_btn()\n        self.select_the_language()\n        self.click_on_continue()\n        self.verify_homepage()\n        self.click_on_flight()\n        self.validate_redirection_on_flight_search()\n        self.click_on_from()\n        self.select_city_from_to('Bangkok')\n        self.select_city_from_to('Bengaluru')\n        self.verify_city_name('Bangkok','Bengaluru')\n        self.click_on_departure_date()\n        self.select_date_of_departure()\n        self.click_on_done()\n        self.click_on_traveller()\n        self.increase_child_passenger()\n        self.click_on_done()\n        self.select_special_fare_option()\n        self.click_on_search_flight()\n        self.verify_special_fare_msg()\n        self.click_on_okay()\n        #self.click_on_show_me()\n>       self.click_on_got_it()\n\ntest\\test_demo_application.py:37: \n_ _ _ _ _ _ _ _ _ _ _ _ _ _ _ _ _ _ _ _ _ _ _ _ _ _ _ _ _ _ _ _ _ _ _ _ _ _ _ _ _ _ _ _ _ _ _ _ _ _ _ _ _ _ _ _ _ _ _ _ _ _ _ _ _ _ _ _ _ _ _ _ _ _ _ _ _ _ _ _ _ \nsrc\\pages\\flight_search.py:85: in click_on_got_it\n    self.click(got_it)\nc:\\users\\pawan\\appdata\\local\\programs\\python\\python39\\lib\\site-packages\\appiumbase\\fixtures\\base_case.py:42: in click\n    element = page_actions.wait_for_element_visible(self.driver, selector, by, timeout=timeout)\nc:\\users\\pawan\\appdata\\local\\programs\\python\\python39\\lib\\site-packages\\appiumbase\\fixtures\\page_actions.py:352: in wait_for_element_visible\n    timeout_exception(NoSuchElementException, message)\n_ _ _ _ _ _ _ _ _ _ _ _ _ _ _ _ _ _ _ _ _ _ _ _ _ _ _ _ _ _ _ _ _ _ _ _ _ _ _ _ _ _ _ _ _ _ _ _ _ _ _ _ _ _ _ _ _ _ _ _ _ _ _ _ _ _ _ _ _ _ _ _ _ _ _ _ _ _ _ _ _ \n\nexception = <class 'selenium.common.exceptions.NoSuchElementException'>, message = '\\n Element {//*[@text=\"OKAY,GOT IT\"]} was not present after 6 seconds!'\n\n    def timeout_exception(exception, message):\n        exception, message = s_utils.format_exc(exception, message)\n>       raise exception(message)\nE       selenium.common.exceptions.NoSuchElementException: Message: \nE        Element {//*[@text=\"OKAY,GOT IT\"]} was not present after 6 seconds!\n\nc:\\users\\pawan\\appdata\\local\\programs\\python\\python39\\lib\\site-packages\\appiumbase\\fixtures\\page_actions.py:161: NoSuchElementException"}, "steps": [{"name": "Entering phone number", "status": "passed", "parameters": [{"name": "phone_number", "value": "'9818173207'"}], "start": 1651634156252, "stop": 1651634188746}, {"name": "Clicking on continue btn", "status": "passed", "start": 1651634188747, "stop": 1651634189505}, {"name": "Clicking on Login via Password", "status": "passed", "start": 1651634189505, "stop": 1651634192972}, {"name": "Entering password", "status": "passed", "parameters": [{"name": "password", "value": "'Freedom2022@'"}], "start": 1651634192972, "stop": 1651634195956}, {"name": "Clicking on submit btn", "status": "passed", "start": 1651634195957, "stop": 1651634197089}, {"name": "Selecting the language", "status": "passed", "start": 1651634197089, "stop": 1651634209410}, {"name": "Clicking on continue", "status": "passed", "start": 1651634209410, "stop": 1651634212676}, {"name": "Verifying homepage", "status": "passed", "start": 1651634212676, "stop": 1651634212747}, {"name": "Clicking on Flights", "status": "passed", "start": 1651634212747, "stop": 1651634216211}, {"name": "Validation redirection after click on flight", "status": "passed", "start": 1651634216212, "stop": 1651634221793}, {"name": "Clicking on from option", "status": "passed", "start": 1651634221793, "stop": 1651634222044}, {"name": "Selecting city", "status": "passed", "parameters": [{"name": "city", "value": "'Bangkok'"}], "start": 1651634222045, "stop": 1651634224880}, {"name": "Selecting city", "status": "passed", "parameters": [{"name": "city", "value": "'Bengaluru'"}], "start": 1651634224880, "stop": 1651634225875}, {"name": "Verifying selected city display correctly", "status": "passed", "parameters": [{"name": "city_from", "value": "'Bangkok'"}, {"name": "city_to", "value": "'Bengaluru'"}], "start": 1651634225875, "stop": 1651634228686}, {"name": "Clicking on departure date", "status": "passed", "start": 1651634228686, "stop": 1651634228978}, {"name": "Selecting date", "status": "passed", "start": 1651634228978, "stop": 1651634237812}, {"name": "Clicking on done after select date", "status": "passed", "start": 1651634237813, "stop": 1651634238736}, {"name": "Clicking on travellers & class", "status": "passed", "start": 1651634238736, "stop": 1651634238897}, {"name": "Increasing one child passenger", "status": "passed", "start": 1651634238897, "stop": 1651634240212}, {"name": "Clicking on done after select date", "status": "passed", "start": 1651634240212, "stop": 1651634242293}, {"name": "Selecting special fare option", "status": "passed", "start": 1651634242294, "stop": 1651634243105}, {"name": "clicking on search flight", "status": "passed", "start": 1651634243105, "stop": 1651634243246}, {"name": "Verifying special fare message", "status": "passed", "start": 1651634243246, "stop": 1651634247329}, {"name": "Clicking on okay", "status": "passed", "start": 1651634247329, "stop": 1651634247431}, {"name": "Clicking on Got it btn", "status": "broken", "statusDetails": {"message": "selenium.common.exceptions.NoSuchElementException: Message: \n Element {//*[@text=\"OKAY,GOT IT\"]} was not present after 6 seconds!\n\n", "trace": "  File \"c:\\users\\pawan\\appdata\\local\\programs\\python\\python39\\lib\\site-packages\\allure_commons\\_allure.py\", line 172, in impl\n    return func(*a, **kw)\n  File \"E:\\BMT_Work\\BmtAppDemo\\src\\pages\\flight_search.py\", line 85, in click_on_got_it\n    self.click(got_it)\n  File \"c:\\users\\pawan\\appdata\\local\\programs\\python\\python39\\lib\\site-packages\\appiumbase\\fixtures\\base_case.py\", line 42, in click\n    element = page_actions.wait_for_element_visible(self.driver, selector, by, timeout=timeout)\n  File \"c:\\users\\pawan\\appdata\\local\\programs\\python\\python39\\lib\\site-packages\\appiumbase\\fixtures\\page_actions.py\", line 352, in wait_for_element_visible\n    timeout_exception(NoSuchElementException, message)\n  File \"c:\\users\\pawan\\appdata\\local\\programs\\python\\python39\\lib\\site-packages\\appiumbase\\fixtures\\page_actions.py\", line 161, in timeout_exception\n    raise exception(message)\n"}, "start": 1651634247431, "stop": 1651634255529}], "start": 1651634156252, "stop": 1651634258075, "uuid": "c6e63cf3-9ce0-4fec-866d-92f96ae18068", "historyId": "613d6cb44d16a67711319702cad17dfa", "testCaseId": "3f4ee9e0e3810a0af2d73f9151beb00b", "fullName": "test.test_demo_application.MMT_Application_test#test_verify_flight_booking_with_special_fare_armed_forces", "labels": [{"name": "tag", "value": "all"}, {"name": "tag", "value": "success"}, {"name": "parentSuite", "value": "test"}, {"name": "suite", "value": "test_demo_application"}, {"name": "subSuite", "value": "MMT_Application_test"}, {"name": "host", "value": "BMT-LAP-105"}, {"name": "thread", "value": "5532-MainThread"}, {"name": "framework", "value": "pytest"}, {"name": "language", "value": "cpython3"}, {"name": "package", "value": "test.test_demo_application"}]}