{"name": "test_verify_flight_booking_with_special_fare_armed_forces", "status": "broken", "statusDetails": {"message": "selenium.common.exceptions.NoSuchElementException: Message: \n Element {/hierarchy/android.widget.FrameLayout/android.widget.LinearLayout/android.widget.FrameLayout/android.widget.FrameLayout/android.widget.FrameLayout/android.widget.FrameLayout/android.view.ViewGroup/android.widget.FrameLayout/android.widget.LinearLayout/android.widget.ScrollView/android.widget.LinearLayout/android.widget.LinearLayout/android.view.ViewGroup[1]/android.widget.LinearLayout/android.widget.LinearLayout[1]/android.widget.TextView[2]} was not present after 6 seconds!", "trace": "self = <test.test_demo_application.MMT_Application_test testMethod=test_verify_flight_booking_with_special_fare_armed_forces>\n\n    @pytest.mark.all\n    @pytest.mark.success\n    def test_verify_flight_booking_with_special_fare_armed_forces(self):\n        self.enter_phone_number('7818915188')\n        self.click_on_continue_btn()\n        self.login_via_password()\n        self.enter_password('Freedom2022@')\n        self.click_on_submit_btn()\n        self.select_the_language()\n        self.click_on_continue()\n        self.verify_homepage()\n        self.click_on_flight()\n        self.validate_redirection_on_flight_search()\n        self.click_on_from()\n        self.select_city_from_to('Bangkok')\n        self.select_city_from_to('Bengaluru')\n        self.verify_city_name('Bangkok','Bengaluru')\n        self.click_on_departure_date()\n        self.select_date_of_departure()\n        self.click_on_done()\n        #self.click_on_traveller()\n        #self.increase_child_passenger()\n        #self.click_on_done()\n        self.select_special_fare_option()\n        self.click_on_search_flight()\n        self.verify_special_fare_msg()\n        self.click_on_okay()\n        #self.click_on_show_me()\n        self.click_on_got_it()\n        self.select_flight_compare_fare()\n        self.scroll_up()\n        self.sleep(2)\n        self.scroll_up()\n        self.click_to_check_box()\n        self.scroll_up()\n        self.scroll_up()\n        self.fill_travellers_details()\n        self.click_to_continue()\n>       self.review_details()\n\ntest\\test_demo_application.py:47: \n_ _ _ _ _ _ _ _ _ _ _ _ _ _ _ _ _ _ _ _ _ _ _ _ _ _ _ _ _ _ _ _ _ _ _ _ _ _ _ _ _ _ _ _ _ _ _ _ _ _ _ _ _ _ _ _ _ _ _ _ _ _ _ _ _ _ _ _ _ _ _ _ _ _ _ _ _ _ _ _ _ \nsrc\\pages\\flight_search.py:192: in review_details\n    self.assert_equal(self.get_attribute(given_name_1, 'text'), 'Pawan')\nc:\\users\\pawan\\appdata\\local\\programs\\python\\python39\\lib\\site-packages\\appiumbase\\fixtures\\base_case.py:412: in get_attribute\n    element = page_actions.wait_for_element_present(\nc:\\users\\pawan\\appdata\\local\\programs\\python\\python39\\lib\\site-packages\\appiumbase\\fixtures\\page_actions.py:302: in wait_for_element_present\n    timeout_exception(NoSuchElementException, message)\n_ _ _ _ _ _ _ _ _ _ _ _ _ _ _ _ _ _ _ _ _ _ _ _ _ _ _ _ _ _ _ _ _ _ _ _ _ _ _ _ _ _ _ _ _ _ _ _ _ _ _ _ _ _ _ _ _ _ _ _ _ _ _ _ _ _ _ _ _ _ _ _ _ _ _ _ _ _ _ _ _ \n\nexception = <class 'selenium.common.exceptions.NoSuchElementException'>\nmessage = '\\n Element {/hierarchy/android.widget.FrameLayout/android.widget.LinearLayout/android.widget.FrameLayout/android.widg...ndroid.widget.LinearLayout/android.widget.LinearLayout[1]/android.widget.TextView[2]} was not present after 6 seconds!'\n\n    def timeout_exception(exception, message):\n        exception, message = s_utils.format_exc(exception, message)\n>       raise exception(message)\nE       selenium.common.exceptions.NoSuchElementException: Message: \nE        Element {/hierarchy/android.widget.FrameLayout/android.widget.LinearLayout/android.widget.FrameLayout/android.widget.FrameLayout/android.widget.FrameLayout/android.widget.FrameLayout/android.view.ViewGroup/android.widget.FrameLayout/android.widget.LinearLayout/android.widget.ScrollView/android.widget.LinearLayout/android.widget.LinearLayout/android.view.ViewGroup[1]/android.widget.LinearLayout/android.widget.LinearLayout[1]/android.widget.TextView[2]} was not present after 6 seconds!\n\nc:\\users\\pawan\\appdata\\local\\programs\\python\\python39\\lib\\site-packages\\appiumbase\\fixtures\\page_actions.py:161: NoSuchElementException"}, "steps": [{"name": "Entering phone number", "status": "passed", "parameters": [{"name": "phone_number", "value": "'7818915188'"}], "start": 1651662985038, "stop": 1651663025531}, {"name": "Clicking on continue btn", "status": "passed", "start": 1651663025548, "stop": 1651663027085}, {"name": "Clicking on Login via Password", "status": "passed", "start": 1651663027085, "stop": 1651663031668}, {"name": "Entering password", "status": "passed", "parameters": [{"name": "password", "value": "'Freedom2022@'"}], "start": 1651663031670, "stop": 1651663034995}, {"name": "Clicking on submit btn", "status": "passed", "start": 1651663034996, "stop": 1651663035707}, {"name": "Selecting the language", "status": "passed", "start": 1651663035708, "stop": 1651663049978}, {"name": "Clicking on continue", "status": "passed", "start": 1651663049979, "stop": 1651663053409}, {"name": "Verifying homepage", "status": "passed", "start": 1651663053410, "stop": 1651663053517}, {"name": "Clicking on Flights", "status": "passed", "start": 1651663053517, "stop": 1651663057159}, {"name": "Validation redirection after click on flight", "status": "passed", "start": 1651663057160, "stop": 1651663062869}, {"name": "Clicking on from option", "status": "passed", "start": 1651663062870, "stop": 1651663063321}, {"name": "Selecting city", "status": "passed", "parameters": [{"name": "city", "value": "'Bangkok'"}], "start": 1651663063321, "stop": 1651663066806}, {"name": "Selecting city", "status": "passed", "parameters": [{"name": "city", "value": "'Bengaluru'"}], "start": 1651663066807, "stop": 1651663067056}, {"name": "Verifying selected city display correctly", "status": "passed", "parameters": [{"name": "city_from", "value": "'Bangkok'"}, {"name": "city_to", "value": "'Bengaluru'"}], "start": 1651663067057, "stop": 1651663070160}, {"name": "Clicking on departure date", "status": "passed", "start": 1651663070161, "stop": 1651663070485}, {"name": "Selecting date", "status": "passed", "start": 1651663070485, "stop": 1651663079322}, {"name": "Clicking on done after select date", "status": "passed", "start": 1651663079323, "stop": 1651663080292}, {"name": "Selecting special fare option", "status": "passed", "start": 1651663080292, "stop": 1651663081255}, {"name": "clicking on search flight", "status": "passed", "start": 1651663081255, "stop": 1651663081437}, {"name": "Verifying special fare message", "status": "passed", "start": 1651663081438, "stop": 1651663085548}, {"name": "Clicking on okay", "status": "passed", "start": 1651663085548, "stop": 1651663085683}, {"name": "Clicking on Got it btn", "status": "passed", "start": 1651663085684, "stop": 1651663095895}, {"name": "Selecting flight and compare fare", "status": "passed", "start": 1651663095895, "stop": 1651663117167}, {"name": "scrolling up", "status": "passed", "start": 1651663117168, "stop": 1651663126245}, {"name": "scrolling up", "status": "passed", "start": 1651663130289, "stop": 1651663138962}, {"name": "Clicking to check box", "status": "passed", "start": 1651663138962, "stop": 1651663139080}, {"name": "scrolling up", "status": "passed", "start": 1651663139081, "stop": 1651663147675}, {"name": "scrolling up", "status": "passed", "start": 1651663147676, "stop": 1651663156488}, {"name": "Filling travellers details", "status": "passed", "steps": [{"name": "scrolling up", "status": "passed", "start": 1651663166429, "stop": 1651663175881}, {"name": "Entering Date of birth", "status": "passed", "parameters": [{"name": "years", "value": "'1996'"}], "start": 1651663182985, "stop": 1651663188104}], "start": 1651663156489, "stop": 1651663195449}, {"name": "Clicking to continue", "status": "passed", "start": 1651663195452, "stop": 1651663195582}, {"name": "Reviewing details", "status": "broken", "statusDetails": {"message": "selenium.common.exceptions.NoSuchElementException: Message: \n Element {/hierarchy/android.widget.FrameLayout/android.widget.LinearLayout/android.widget.FrameLayout/android.widget.FrameLayout/android.widget.FrameLayout/android.widget.FrameLayout/android.view.ViewGroup/android.widget.FrameLayout/android.widget.LinearLayout/android.widget.ScrollView/android.widget.LinearLayout/android.widget.LinearLayout/android.view.ViewGroup[1]/android.widget.LinearLayout/android.widget.LinearLayout[1]/android.widget.TextView[2]} was not present after 6 seconds!\n\n", "trace": "  File \"c:\\users\\pawan\\appdata\\local\\programs\\python\\python39\\lib\\site-packages\\allure_commons\\_allure.py\", line 172, in impl\n    return func(*a, **kw)\n  File \"E:\\BMT_Work\\BmtAppDemo\\src\\pages\\flight_search.py\", line 192, in review_details\n    self.assert_equal(self.get_attribute(given_name_1, 'text'), 'Pawan')\n  File \"c:\\users\\pawan\\appdata\\local\\programs\\python\\python39\\lib\\site-packages\\appiumbase\\fixtures\\base_case.py\", line 412, in get_attribute\n    element = page_actions.wait_for_element_present(\n  File \"c:\\users\\pawan\\appdata\\local\\programs\\python\\python39\\lib\\site-packages\\appiumbase\\fixtures\\page_actions.py\", line 302, in wait_for_element_present\n    timeout_exception(NoSuchElementException, message)\n  File \"c:\\users\\pawan\\appdata\\local\\programs\\python\\python39\\lib\\site-packages\\appiumbase\\fixtures\\page_actions.py\", line 161, in timeout_exception\n    raise exception(message)\n"}, "start": 1651663195583, "stop": 1651663201663}], "start": 1651662985037, "stop": 1651663204449, "uuid": "32a3e110-1ed6-4729-9b7f-f0eca895b3bf", "historyId": "613d6cb44d16a67711319702cad17dfa", "testCaseId": "3f4ee9e0e3810a0af2d73f9151beb00b", "fullName": "test.test_demo_application.MMT_Application_test#test_verify_flight_booking_with_special_fare_armed_forces", "labels": [{"name": "tag", "value": "all"}, {"name": "tag", "value": "success"}, {"name": "parentSuite", "value": "test"}, {"name": "suite", "value": "test_demo_application"}, {"name": "subSuite", "value": "MMT_Application_test"}, {"name": "host", "value": "BMT-LAP-105"}, {"name": "thread", "value": "3896-MainThread"}, {"name": "framework", "value": "pytest"}, {"name": "language", "value": "cpython3"}, {"name": "package", "value": "test.test_demo_application"}]}