{"name": "test_verify_flight_booking_with_special_fare_armed_forces", "status": "broken", "statusDetails": {"message": "selenium.common.exceptions.NoSuchElementException: Message: \n Element {/hierarchy/android.widget.FrameLayout/android.widget.LinearLayout/android.widget.FrameLayout/android.widget.FrameLayout/android.widget.FrameLayout/android.widget.FrameLayout/android.view.ViewGroup/android.widget.FrameLayout/android.widget.LinearLayout/android.widget.ScrollView/android.widget.LinearLayout/android.widget.LinearLayout/android.view.ViewGroup[1]/android.widget.LinearLayout/android.widget.LinearLayout[1]/android.widget.TextView[2]} was not present after 6 seconds!", "trace": "self = <test.test_demo_application.MMT_Application_test testMethod=test_verify_flight_booking_with_special_fare_armed_forces>\n\n    @pytest.mark.all\n    @pytest.mark.success\n    def test_verify_flight_booking_with_special_fare_armed_forces(self):\n        self.enter_phone_number('7818915188')\n        self.click_on_continue_btn()\n        self.login_via_password()\n        self.enter_password('Freedom2022@')\n        self.click_on_submit_btn()\n        self.select_the_language()\n        self.click_on_continue()\n        self.verify_homepage()\n        self.click_on_flight()\n        self.validate_redirection_on_flight_search()\n        self.click_on_from()\n        self.select_city_from_to('Bangkok')\n        self.select_city_from_to('Bengaluru')\n        self.verify_city_name('Bangkok','Bengaluru')\n        self.click_on_departure_date()\n        self.select_date_of_departure()\n        self.click_on_done()\n        #self.click_on_traveller()\n        #self.increase_child_passenger()\n        #self.click_on_done()\n        self.select_special_fare_option()\n        self.click_on_search_flight()\n        self.verify_special_fare_msg()\n        self.click_on_okay()\n        #self.click_on_show_me()\n        self.click_on_got_it()\n        self.select_flight_compare_fare()\n        self.scroll_up()\n        self.sleep(2)\n        self.scroll_up()\n        self.click_to_check_box()\n        self.scroll_up()\n        self.scroll_up()\n        self.fill_travellers_details()\n        self.click_to_continue()\n>       self.review_details()\n\ntest\\test_demo_application.py:47: \n_ _ _ _ _ _ _ _ _ _ _ _ _ _ _ _ _ _ _ _ _ _ _ _ _ _ _ _ _ _ _ _ _ _ _ _ _ _ _ _ _ _ _ _ _ _ _ _ _ _ _ _ _ _ _ _ _ _ _ _ _ _ _ _ _ _ _ _ _ _ _ _ _ _ _ _ _ _ _ _ _ \nsrc\\pages\\flight_search.py:192: in review_details\n    self.assert_equal(self.get_attribute(given_name_1, 'text'), 'Pawan')\nc:\\users\\pawan\\appdata\\local\\programs\\python\\python39\\lib\\site-packages\\appiumbase\\fixtures\\base_case.py:412: in get_attribute\n    element = page_actions.wait_for_element_present(\nc:\\users\\pawan\\appdata\\local\\programs\\python\\python39\\lib\\site-packages\\appiumbase\\fixtures\\page_actions.py:302: in wait_for_element_present\n    timeout_exception(NoSuchElementException, message)\n_ _ _ _ _ _ _ _ _ _ _ _ _ _ _ _ _ _ _ _ _ _ _ _ _ _ _ _ _ _ _ _ _ _ _ _ _ _ _ _ _ _ _ _ _ _ _ _ _ _ _ _ _ _ _ _ _ _ _ _ _ _ _ _ _ _ _ _ _ _ _ _ _ _ _ _ _ _ _ _ _ \n\nexception = <class 'selenium.common.exceptions.NoSuchElementException'>\nmessage = '\\n Element {/hierarchy/android.widget.FrameLayout/android.widget.LinearLayout/android.widget.FrameLayout/android.widg...ndroid.widget.LinearLayout/android.widget.LinearLayout[1]/android.widget.TextView[2]} was not present after 6 seconds!'\n\n    def timeout_exception(exception, message):\n        exception, message = s_utils.format_exc(exception, message)\n>       raise exception(message)\nE       selenium.common.exceptions.NoSuchElementException: Message: \nE        Element {/hierarchy/android.widget.FrameLayout/android.widget.LinearLayout/android.widget.FrameLayout/android.widget.FrameLayout/android.widget.FrameLayout/android.widget.FrameLayout/android.view.ViewGroup/android.widget.FrameLayout/android.widget.LinearLayout/android.widget.ScrollView/android.widget.LinearLayout/android.widget.LinearLayout/android.view.ViewGroup[1]/android.widget.LinearLayout/android.widget.LinearLayout[1]/android.widget.TextView[2]} was not present after 6 seconds!\n\nc:\\users\\pawan\\appdata\\local\\programs\\python\\python39\\lib\\site-packages\\appiumbase\\fixtures\\page_actions.py:161: NoSuchElementException"}, "steps": [{"name": "Entering phone number", "status": "passed", "parameters": [{"name": "phone_number", "value": "'7818915188'"}], "start": 1651661521776, "stop": 1651661561416}, {"name": "Clicking on continue btn", "status": "passed", "start": 1651661561446, "stop": 1651661562927}, {"name": "Clicking on Login via Password", "status": "passed", "start": 1651661562928, "stop": 1651661567831}, {"name": "Entering password", "status": "passed", "parameters": [{"name": "password", "value": "'Freedom2022@'"}], "start": 1651661567835, "stop": 1651661571236}, {"name": "Clicking on submit btn", "status": "passed", "start": 1651661571236, "stop": 1651661573115}, {"name": "Selecting the language", "status": "passed", "start": 1651661573116, "stop": 1651661590496}, {"name": "Clicking on continue", "status": "passed", "start": 1651661590505, "stop": 1651661594400}, {"name": "Verifying homepage", "status": "passed", "start": 1651661594400, "stop": 1651661594586}, {"name": "Clicking on Flights", "status": "passed", "start": 1651661594586, "stop": 1651661598897}, {"name": "Validation redirection after click on flight", "status": "passed", "start": 1651661598899, "stop": 1651661606145}, {"name": "Clicking on from option", "status": "passed", "start": 1651661606165, "stop": 1651661606696}, {"name": "Selecting city", "status": "passed", "parameters": [{"name": "city", "value": "'Bangkok'"}], "start": 1651661606698, "stop": 1651661610103}, {"name": "Selecting city", "status": "passed", "parameters": [{"name": "city", "value": "'Bengaluru'"}], "start": 1651661610103, "stop": 1651661612627}, {"name": "Verifying selected city display correctly", "status": "passed", "parameters": [{"name": "city_from", "value": "'Bangkok'"}, {"name": "city_to", "value": "'Bengaluru'"}], "start": 1651661612629, "stop": 1651661617163}, {"name": "Clicking on departure date", "status": "passed", "start": 1651661617164, "stop": 1651661617657}, {"name": "Selecting date", "status": "passed", "start": 1651661617658, "stop": 1651661626714}, {"name": "Clicking on done after select date", "status": "passed", "start": 1651661626714, "stop": 1651661627961}, {"name": "Selecting special fare option", "status": "passed", "start": 1651661627962, "stop": 1651661628989}, {"name": "clicking on search flight", "status": "passed", "start": 1651661628989, "stop": 1651661629800}, {"name": "Verifying special fare message", "status": "passed", "start": 1651661629801, "stop": 1651661633971}, {"name": "Clicking on okay", "status": "passed", "start": 1651661633971, "stop": 1651661634099}, {"name": "Clicking on Got it btn", "status": "passed", "start": 1651661634099, "stop": 1651661646318}, {"name": "Selecting flight and compare fare", "status": "passed", "start": 1651661646318, "stop": 1651661665795}, {"name": "scrolling up", "status": "passed", "start": 1651661665795, "stop": 1651661675260}, {"name": "scrolling up", "status": "passed", "start": 1651661679312, "stop": 1651661688218}, {"name": "Clicking to check box", "status": "passed", "start": 1651661688218, "stop": 1651661688350}, {"name": "scrolling up", "status": "passed", "start": 1651661688350, "stop": 1651661697087}, {"name": "scrolling up", "status": "passed", "start": 1651661697087, "stop": 1651661706091}, {"name": "Filling travellers details", "status": "passed", "steps": [{"name": "scrolling up", "status": "passed", "start": 1651661715915, "stop": 1651661725091}, {"name": "Entering Date of birth", "status": "passed", "parameters": [{"name": "years", "value": "'1996'"}], "start": 1651661732559, "stop": 1651661735671}], "start": 1651661706092, "stop": 1651661742744}, {"name": "Clicking to continue", "status": "passed", "start": 1651661742744, "stop": 1651661742897}, {"name": "Reviewing details", "status": "broken", "statusDetails": {"message": "selenium.common.exceptions.NoSuchElementException: Message: \n Element {/hierarchy/android.widget.FrameLayout/android.widget.LinearLayout/android.widget.FrameLayout/android.widget.FrameLayout/android.widget.FrameLayout/android.widget.FrameLayout/android.view.ViewGroup/android.widget.FrameLayout/android.widget.LinearLayout/android.widget.ScrollView/android.widget.LinearLayout/android.widget.LinearLayout/android.view.ViewGroup[1]/android.widget.LinearLayout/android.widget.LinearLayout[1]/android.widget.TextView[2]} was not present after 6 seconds!\n\n", "trace": "  File \"c:\\users\\pawan\\appdata\\local\\programs\\python\\python39\\lib\\site-packages\\allure_commons\\_allure.py\", line 172, in impl\n    return func(*a, **kw)\n  File \"E:\\BMT_Work\\BmtAppDemo\\src\\pages\\flight_search.py\", line 192, in review_details\n    self.assert_equal(self.get_attribute(given_name_1, 'text'), 'Pawan')\n  File \"c:\\users\\pawan\\appdata\\local\\programs\\python\\python39\\lib\\site-packages\\appiumbase\\fixtures\\base_case.py\", line 412, in get_attribute\n    element = page_actions.wait_for_element_present(\n  File \"c:\\users\\pawan\\appdata\\local\\programs\\python\\python39\\lib\\site-packages\\appiumbase\\fixtures\\page_actions.py\", line 302, in wait_for_element_present\n    timeout_exception(NoSuchElementException, message)\n  File \"c:\\users\\pawan\\appdata\\local\\programs\\python\\python39\\lib\\site-packages\\appiumbase\\fixtures\\page_actions.py\", line 161, in timeout_exception\n    raise exception(message)\n"}, "start": 1651661742897, "stop": 1651661749024}], "start": 1651661521776, "stop": 1651661750594, "uuid": "84937c1b-7328-40f9-b287-8ee37f249cf3", "historyId": "613d6cb44d16a67711319702cad17dfa", "testCaseId": "3f4ee9e0e3810a0af2d73f9151beb00b", "fullName": "test.test_demo_application.MMT_Application_test#test_verify_flight_booking_with_special_fare_armed_forces", "labels": [{"name": "tag", "value": "all"}, {"name": "tag", "value": "success"}, {"name": "parentSuite", "value": "test"}, {"name": "suite", "value": "test_demo_application"}, {"name": "subSuite", "value": "MMT_Application_test"}, {"name": "host", "value": "BMT-LAP-105"}, {"name": "thread", "value": "4972-MainThread"}, {"name": "framework", "value": "pytest"}, {"name": "language", "value": "cpython3"}, {"name": "package", "value": "test.test_demo_application"}]}