{"name": "test_verify_flight_booking_with_special_fare_armed_forces", "status": "broken", "statusDetails": {"message": "selenium.common.exceptions.NoSuchElementException: Message: \n Element {//*[@text=\"Bangkok\"]} was not present after 6 seconds!", "trace": "self = <test.test_demo_application.MMT_Application_test testMethod=test_verify_flight_booking_with_special_fare_armed_forces>\n\n    @pytest.mark.all\n    @pytest.mark.success\n    def test_verify_flight_booking_with_special_fare_armed_forces(self):\n        self.enter_phone_number('7818915188')\n        self.click_on_continue_btn()\n        self.login_via_password()\n        self.enter_password('Freedom2022@')\n        self.click_on_submit_btn()\n        self.select_the_language()\n        self.click_on_continue()\n        self.verify_homepage()\n        self.click_on_flight()\n        self.validate_redirection_on_flight_search()\n        self.click_on_from()\n>       self.select_city_from_to('Bangkok')\n\ntest\\test_demo_application.py:23: \n_ _ _ _ _ _ _ _ _ _ _ _ _ _ _ _ _ _ _ _ _ _ _ _ _ _ _ _ _ _ _ _ _ _ _ _ _ _ _ _ _ _ _ _ _ _ _ _ _ _ _ _ _ _ _ _ _ _ _ _ _ _ _ _ _ _ _ _ _ _ _ _ _ _ _ _ _ _ _ _ _ \nsrc\\pages\\flight_search.py:65: in select_city_from_to\n    self.click(city)\nc:\\users\\pawan\\appdata\\local\\programs\\python\\python39\\lib\\site-packages\\appiumbase\\fixtures\\base_case.py:42: in click\n    element = page_actions.wait_for_element_visible(self.driver, selector, by, timeout=timeout)\nc:\\users\\pawan\\appdata\\local\\programs\\python\\python39\\lib\\site-packages\\appiumbase\\fixtures\\page_actions.py:352: in wait_for_element_visible\n    timeout_exception(NoSuchElementException, message)\n_ _ _ _ _ _ _ _ _ _ _ _ _ _ _ _ _ _ _ _ _ _ _ _ _ _ _ _ _ _ _ _ _ _ _ _ _ _ _ _ _ _ _ _ _ _ _ _ _ _ _ _ _ _ _ _ _ _ _ _ _ _ _ _ _ _ _ _ _ _ _ _ _ _ _ _ _ _ _ _ _ \n\nexception = <class 'selenium.common.exceptions.NoSuchElementException'>, message = '\\n Element {//*[@text=\"Bangkok\"]} was not present after 6 seconds!'\n\n    def timeout_exception(exception, message):\n        exception, message = s_utils.format_exc(exception, message)\n>       raise exception(message)\nE       selenium.common.exceptions.NoSuchElementException: Message: \nE        Element {//*[@text=\"Bangkok\"]} was not present after 6 seconds!\n\nc:\\users\\pawan\\appdata\\local\\programs\\python\\python39\\lib\\site-packages\\appiumbase\\fixtures\\page_actions.py:161: NoSuchElementException"}, "steps": [{"name": "Entering phone number", "status": "passed", "parameters": [{"name": "phone_number", "value": "'7818915188'"}], "start": 1651661400699, "stop": 1651661440117}, {"name": "Clicking on continue btn", "status": "passed", "start": 1651661440126, "stop": 1651661441868}, {"name": "Clicking on Login via Password", "status": "passed", "start": 1651661441868, "stop": 1651661446604}, {"name": "Entering password", "status": "passed", "parameters": [{"name": "password", "value": "'Freedom2022@'"}], "start": 1651661446611, "stop": 1651661449459}, {"name": "Clicking on submit btn", "status": "passed", "start": 1651661449459, "stop": 1651661451270}, {"name": "Selecting the language", "status": "passed", "start": 1651661451270, "stop": 1651661466399}, {"name": "Clicking on continue", "status": "passed", "start": 1651661466399, "stop": 1651661470171}, {"name": "Verifying homepage", "status": "passed", "start": 1651661470172, "stop": 1651661470248}, {"name": "Clicking on Flights", "status": "passed", "start": 1651661470249, "stop": 1651661474231}, {"name": "Validation redirection after click on flight", "status": "passed", "start": 1651661474233, "stop": 1651661479318}, {"name": "Clicking on from option", "status": "passed", "start": 1651661479318, "stop": 1651661479600}, {"name": "Selecting city", "status": "broken", "statusDetails": {"message": "selenium.common.exceptions.NoSuchElementException: Message: \n Element {//*[@text=\"Bangkok\"]} was not present after 6 seconds!\n\n", "trace": "  File \"c:\\users\\pawan\\appdata\\local\\programs\\python\\python39\\lib\\site-packages\\allure_commons\\_allure.py\", line 172, in impl\n    return func(*a, **kw)\n  File \"E:\\BMT_Work\\BmtAppDemo\\src\\pages\\flight_search.py\", line 65, in select_city_from_to\n    self.click(city)\n  File \"c:\\users\\pawan\\appdata\\local\\programs\\python\\python39\\lib\\site-packages\\appiumbase\\fixtures\\base_case.py\", line 42, in click\n    element = page_actions.wait_for_element_visible(self.driver, selector, by, timeout=timeout)\n  File \"c:\\users\\pawan\\appdata\\local\\programs\\python\\python39\\lib\\site-packages\\appiumbase\\fixtures\\page_actions.py\", line 352, in wait_for_element_visible\n    timeout_exception(NoSuchElementException, message)\n  File \"c:\\users\\pawan\\appdata\\local\\programs\\python\\python39\\lib\\site-packages\\appiumbase\\fixtures\\page_actions.py\", line 161, in timeout_exception\n    raise exception(message)\n"}, "parameters": [{"name": "city", "value": "'Bangkok'"}], "start": 1651661479600, "stop": 1651661485684}], "start": 1651661400699, "stop": 1651661487768, "uuid": "9f4e02bb-6aa6-46d3-bb7e-ef57e27d34e4", "historyId": "613d6cb44d16a67711319702cad17dfa", "testCaseId": "3f4ee9e0e3810a0af2d73f9151beb00b", "fullName": "test.test_demo_application.MMT_Application_test#test_verify_flight_booking_with_special_fare_armed_forces", "labels": [{"name": "tag", "value": "all"}, {"name": "tag", "value": "success"}, {"name": "parentSuite", "value": "test"}, {"name": "suite", "value": "test_demo_application"}, {"name": "subSuite", "value": "MMT_Application_test"}, {"name": "host", "value": "BMT-LAP-105"}, {"name": "thread", "value": "13880-MainThread"}, {"name": "framework", "value": "pytest"}, {"name": "language", "value": "cpython3"}, {"name": "package", "value": "test.test_demo_application"}]}