{"name": "test_verify_flight_booking_with_special_fare_armed_forces", "status": "broken", "statusDetails": {"message": "selenium.common.exceptions.NoSuchElementException: Message: \n Element {com.makemytrip:id/tv_final_fare} was not present after 6 seconds!", "trace": "self = <test.test_demo_application.MMT_Application_test testMethod=test_verify_flight_booking_with_special_fare_armed_forces>\n\n    @pytest.mark.all\n    @pytest.mark.success\n    def test_verify_flight_booking_with_special_fare_armed_forces(self):\n        self.enter_phone_number('9818173207')\n        self.click_on_continue_btn()\n        self.login_via_password()\n        self.enter_password('Freedom2022@')\n        self.click_on_submit_btn()\n        self.select_the_language()\n        self.click_on_continue()\n        self.verify_homepage()\n        self.click_on_flight()\n        self.validate_redirection_on_flight_search()\n        self.click_on_from()\n        self.select_city_from_to('Bangkok')\n        self.select_city_from_to('Bengaluru')\n        self.verify_city_name('Bangkok','Bengaluru')\n        self.click_on_departure_date()\n        self.select_date_of_departure()\n        self.click_on_done()\n        #self.click_on_traveller()\n        #self.increase_child_passenger()\n        #self.click_on_done()\n        self.select_special_fare_option()\n        self.click_on_search_flight()\n        self.verify_special_fare_msg()\n        self.click_on_okay()\n        #self.click_on_show_me()\n        self.click_on_got_it()\n>       self.select_flight_compare_fare()\n\ntest\\test_demo_application.py:38: \n_ _ _ _ _ _ _ _ _ _ _ _ _ _ _ _ _ _ _ _ _ _ _ _ _ _ _ _ _ _ _ _ _ _ _ _ _ _ _ _ _ _ _ _ _ _ _ _ _ _ _ _ _ _ _ _ _ _ _ _ _ _ _ _ _ _ _ _ _ _ _ _ _ _ _ _ _ _ _ _ _ \nsrc\\pages\\flight_search.py:126: in select_flight_compare_fare\n    final_fares = self.get_attribute(final_fare, 'text')\nc:\\users\\pawan\\appdata\\local\\programs\\python\\python39\\lib\\site-packages\\appiumbase\\fixtures\\base_case.py:412: in get_attribute\n    element = page_actions.wait_for_element_present(\nc:\\users\\pawan\\appdata\\local\\programs\\python\\python39\\lib\\site-packages\\appiumbase\\fixtures\\page_actions.py:302: in wait_for_element_present\n    timeout_exception(NoSuchElementException, message)\n_ _ _ _ _ _ _ _ _ _ _ _ _ _ _ _ _ _ _ _ _ _ _ _ _ _ _ _ _ _ _ _ _ _ _ _ _ _ _ _ _ _ _ _ _ _ _ _ _ _ _ _ _ _ _ _ _ _ _ _ _ _ _ _ _ _ _ _ _ _ _ _ _ _ _ _ _ _ _ _ _ \n\nexception = <class 'selenium.common.exceptions.NoSuchElementException'>, message = '\\n Element {com.makemytrip:id/tv_final_fare} was not present after 6 seconds!'\n\n    def timeout_exception(exception, message):\n        exception, message = s_utils.format_exc(exception, message)\n>       raise exception(message)\nE       selenium.common.exceptions.NoSuchElementException: Message: \nE        Element {com.makemytrip:id/tv_final_fare} was not present after 6 seconds!\n\nc:\\users\\pawan\\appdata\\local\\programs\\python\\python39\\lib\\site-packages\\appiumbase\\fixtures\\page_actions.py:161: NoSuchElementException"}, "steps": [{"name": "Entering phone number", "status": "passed", "parameters": [{"name": "phone_number", "value": "'9818173207'"}], "start": 1651655376440, "stop": 1651655415674}, {"name": "Clicking on continue btn", "status": "passed", "start": 1651655415736, "stop": 1651655416406}, {"name": "Clicking on Login via Password", "status": "passed", "start": 1651655416407, "stop": 1651655421527}, {"name": "Entering password", "status": "passed", "parameters": [{"name": "password", "value": "'Freedom2022@'"}], "start": 1651655421529, "stop": 1651655424892}, {"name": "Clicking on submit btn", "status": "passed", "start": 1651655424892, "stop": 1651655427573}, {"name": "Selecting the language", "status": "passed", "start": 1651655427574, "stop": 1651655441907}, {"name": "Clicking on continue", "status": "passed", "start": 1651655441907, "stop": 1651655445696}, {"name": "Verifying homepage", "status": "passed", "start": 1651655445696, "stop": 1651655445762}, {"name": "Clicking on Flights", "status": "passed", "start": 1651655445763, "stop": 1651655446224}, {"name": "Validation redirection after click on flight", "status": "passed", "start": 1651655446225, "stop": 1651655450699}, {"name": "Clicking on from option", "status": "passed", "start": 1651655450699, "stop": 1651655451102}, {"name": "Selecting city", "status": "passed", "parameters": [{"name": "city", "value": "'Bangkok'"}], "start": 1651655451103, "stop": 1651655453646}, {"name": "Selecting city", "status": "passed", "parameters": [{"name": "city", "value": "'Bengaluru'"}], "start": 1651655453646, "stop": 1651655454606}, {"name": "Verifying selected city display correctly", "status": "passed", "parameters": [{"name": "city_from", "value": "'Bangkok'"}, {"name": "city_to", "value": "'Bengaluru'"}], "start": 1651655454606, "stop": 1651655457192}, {"name": "Clicking on departure date", "status": "passed", "start": 1651655457192, "stop": 1651655457432}, {"name": "Selecting date", "status": "passed", "start": 1651655457432, "stop": 1651655466254}, {"name": "Clicking on done after select date", "status": "passed", "start": 1651655466255, "stop": 1651655466510}, {"name": "Selecting special fare option", "status": "passed", "start": 1651655466511, "stop": 1651655468442}, {"name": "clicking on search flight", "status": "passed", "start": 1651655468442, "stop": 1651655468604}, {"name": "Verifying special fare message", "status": "passed", "start": 1651655468604, "stop": 1651655472734}, {"name": "Clicking on okay", "status": "passed", "start": 1651655472734, "stop": 1651655472848}, {"name": "Clicking on Got it btn", "status": "passed", "start": 1651655472849, "stop": 1651655483930}, {"name": "Selecting flight and compare fare", "status": "broken", "statusDetails": {"message": "selenium.common.exceptions.NoSuchElementException: Message: \n Element {com.makemytrip:id/tv_final_fare} was not present after 6 seconds!\n\n", "trace": "  File \"c:\\users\\pawan\\appdata\\local\\programs\\python\\python39\\lib\\site-packages\\allure_commons\\_allure.py\", line 172, in impl\n    return func(*a, **kw)\n  File \"E:\\BMT_Work\\BmtAppDemo\\src\\pages\\flight_search.py\", line 126, in select_flight_compare_fare\n    final_fares = self.get_attribute(final_fare, 'text')\n  File \"c:\\users\\pawan\\appdata\\local\\programs\\python\\python39\\lib\\site-packages\\appiumbase\\fixtures\\base_case.py\", line 412, in get_attribute\n    element = page_actions.wait_for_element_present(\n  File \"c:\\users\\pawan\\appdata\\local\\programs\\python\\python39\\lib\\site-packages\\appiumbase\\fixtures\\page_actions.py\", line 302, in wait_for_element_present\n    timeout_exception(NoSuchElementException, message)\n  File \"c:\\users\\pawan\\appdata\\local\\programs\\python\\python39\\lib\\site-packages\\appiumbase\\fixtures\\page_actions.py\", line 161, in timeout_exception\n    raise exception(message)\n"}, "start": 1651655483930, "stop": 1651655505557}], "start": 1651655376440, "stop": 1651655506999, "uuid": "2981216a-c9a4-4c29-bbad-e393828e6db8", "historyId": "613d6cb44d16a67711319702cad17dfa", "testCaseId": "3f4ee9e0e3810a0af2d73f9151beb00b", "fullName": "test.test_demo_application.MMT_Application_test#test_verify_flight_booking_with_special_fare_armed_forces", "labels": [{"name": "tag", "value": "all"}, {"name": "tag", "value": "success"}, {"name": "parentSuite", "value": "test"}, {"name": "suite", "value": "test_demo_application"}, {"name": "subSuite", "value": "MMT_Application_test"}, {"name": "host", "value": "BMT-LAP-105"}, {"name": "thread", "value": "12084-MainThread"}, {"name": "framework", "value": "pytest"}, {"name": "language", "value": "cpython3"}, {"name": "package", "value": "test.test_demo_application"}]}