{"name": "test_verify_flight_booking_with_special_fare_armed_forces", "status": "broken", "statusDetails": {"message": "selenium.common.exceptions.NoSuchElementException: Message: \n Element {/hierarchy/android.widget.FrameLayout/android.widget.LinearLayout/android.widget.FrameLayout/android.widget.LinearLayout/android.widget.FrameLayout/android.view.ViewGroup/android.widget.ScrollView/android.widget.LinearLayout/android.widget.LinearLayout/android.widget.FrameLayout[2]/android.widget.LinearLayout/android.widget.FrameLayout/android.widget.LinearLayout/android.widget.LinearLayout/android.widget.LinearLayout[1]/android.widget.FrameLayout/android.widget.TextView} was not present after 6 seconds!", "trace": "self = <test.test_demo_application.MMT_Application_test testMethod=test_verify_flight_booking_with_special_fare_armed_forces>\n\n    @pytest.mark.all\n    @pytest.mark.success\n    def test_verify_flight_booking_with_special_fare_armed_forces(self):\n        self.enter_phone_number('9818173207')\n        self.click_on_continue_btn()\n        self.login_via_password()\n        self.enter_password('Freedom2022@')\n        self.click_on_submit_btn()\n        self.select_the_language()\n        self.click_on_continue()\n        self.verify_homepage()\n        self.click_on_flight()\n        self.validate_redirection_on_flight_search()\n        self.click_on_from()\n        self.select_city_from_to('Bangkok')\n        self.select_city_from_to('Bengaluru')\n        self.verify_city_name('Bangkok','Bengaluru')\n        self.click_on_departure_date()\n        self.select_date_of_departure()\n        self.click_on_done()\n        self.click_on_traveller()\n        self.increase_child_passenger()\n        self.click_on_done()\n        self.select_special_fare_option()\n        self.click_on_search_flight()\n        self.verify_special_fare_msg()\n        self.click_on_okay()\n        #self.click_on_show_me()\n        self.click_on_got_it()\n        self.select_flight_compare_fare()\n        self.scroll_up()\n        self.sleep(2)\n        self.scroll_up()\n        self.click_to_check_box()\n        self.scroll_up()\n>       self.fill_travellers_details()\n\ntest\\test_demo_application.py:44: \n_ _ _ _ _ _ _ _ _ _ _ _ _ _ _ _ _ _ _ _ _ _ _ _ _ _ _ _ _ _ _ _ _ _ _ _ _ _ _ _ _ _ _ _ _ _ _ _ _ _ _ _ _ _ _ _ _ _ _ _ _ _ _ _ _ _ _ _ _ _ _ _ _ _ _ _ _ _ _ _ _ \nsrc\\pages\\flight_search.py:159: in fill_travellers_details\n    self.click(add_adult)\nc:\\users\\pawan\\appdata\\local\\programs\\python\\python39\\lib\\site-packages\\appiumbase\\fixtures\\base_case.py:42: in click\n    element = page_actions.wait_for_element_visible(self.driver, selector, by, timeout=timeout)\nc:\\users\\pawan\\appdata\\local\\programs\\python\\python39\\lib\\site-packages\\appiumbase\\fixtures\\page_actions.py:352: in wait_for_element_visible\n    timeout_exception(NoSuchElementException, message)\n_ _ _ _ _ _ _ _ _ _ _ _ _ _ _ _ _ _ _ _ _ _ _ _ _ _ _ _ _ _ _ _ _ _ _ _ _ _ _ _ _ _ _ _ _ _ _ _ _ _ _ _ _ _ _ _ _ _ _ _ _ _ _ _ _ _ _ _ _ _ _ _ _ _ _ _ _ _ _ _ _ \n\nexception = <class 'selenium.common.exceptions.NoSuchElementException'>\nmessage = '\\n Element {/hierarchy/android.widget.FrameLayout/android.widget.LinearLayout/android.widget.FrameLayout/android.widg...ut/android.widget.LinearLayout[1]/android.widget.FrameLayout/android.widget.TextView} was not present after 6 seconds!'\n\n    def timeout_exception(exception, message):\n        exception, message = s_utils.format_exc(exception, message)\n>       raise exception(message)\nE       selenium.common.exceptions.NoSuchElementException: Message: \nE        Element {/hierarchy/android.widget.FrameLayout/android.widget.LinearLayout/android.widget.FrameLayout/android.widget.LinearLayout/android.widget.FrameLayout/android.view.ViewGroup/android.widget.ScrollView/android.widget.LinearLayout/android.widget.LinearLayout/android.widget.FrameLayout[2]/android.widget.LinearLayout/android.widget.FrameLayout/android.widget.LinearLayout/android.widget.LinearLayout/android.widget.LinearLayout[1]/android.widget.FrameLayout/android.widget.TextView} was not present after 6 seconds!\n\nc:\\users\\pawan\\appdata\\local\\programs\\python\\python39\\lib\\site-packages\\appiumbase\\fixtures\\page_actions.py:161: NoSuchElementException"}, "steps": [{"name": "Entering phone number", "status": "passed", "parameters": [{"name": "phone_number", "value": "'9818173207'"}], "start": 1651642280440, "stop": 1651642310967}, {"name": "Clicking on continue btn", "status": "passed", "start": 1651642310973, "stop": 1651642312532}, {"name": "Clicking on Login via Password", "status": "passed", "start": 1651642312533, "stop": 1651642316850}, {"name": "Entering password", "status": "passed", "parameters": [{"name": "password", "value": "'Freedom2022@'"}], "start": 1651642316851, "stop": 1651642320455}, {"name": "Clicking on submit btn", "status": "passed", "start": 1651642320455, "stop": 1651642322295}, {"name": "Selecting the language", "status": "passed", "start": 1651642322295, "stop": 1651642334730}, {"name": "Clicking on continue", "status": "passed", "start": 1651642334730, "stop": 1651642338061}, {"name": "Verifying homepage", "status": "passed", "start": 1651642338062, "stop": 1651642338132}, {"name": "Clicking on Flights", "status": "passed", "start": 1651642338132, "stop": 1651642342066}, {"name": "Validation redirection after click on flight", "status": "passed", "start": 1651642342068, "stop": 1651642347282}, {"name": "Clicking on from option", "status": "passed", "start": 1651642347282, "stop": 1651642347616}, {"name": "Selecting city", "status": "passed", "parameters": [{"name": "city", "value": "'Bangkok'"}], "start": 1651642347618, "stop": 1651642352016}, {"name": "Selecting city", "status": "passed", "parameters": [{"name": "city", "value": "'Bengaluru'"}], "start": 1651642352016, "stop": 1651642352242}, {"name": "Verifying selected city display correctly", "status": "passed", "parameters": [{"name": "city_from", "value": "'Bangkok'"}, {"name": "city_to", "value": "'Bengaluru'"}], "start": 1651642352243, "stop": 1651642355091}, {"name": "Clicking on departure date", "status": "passed", "start": 1651642355091, "stop": 1651642355500}, {"name": "Selecting date", "status": "passed", "start": 1651642355501, "stop": 1651642364307}, {"name": "Clicking on done after select date", "status": "passed", "start": 1651642364307, "stop": 1651642365209}, {"name": "Clicking on travellers & class", "status": "passed", "start": 1651642365210, "stop": 1651642365389}, {"name": "Increasing one child passenger", "status": "passed", "start": 1651642365390, "stop": 1651642366715}, {"name": "Clicking on done after select date", "status": "passed", "start": 1651642366715, "stop": 1651642367516}, {"name": "Selecting special fare option", "status": "passed", "start": 1651642367516, "stop": 1651642369500}, {"name": "clicking on search flight", "status": "passed", "start": 1651642369500, "stop": 1651642370157}, {"name": "Verifying special fare message", "status": "passed", "start": 1651642370158, "stop": 1651642374242}, {"name": "Clicking on okay", "status": "passed", "start": 1651642374242, "stop": 1651642374371}, {"name": "Clicking on Got it btn", "status": "passed", "start": 1651642374371, "stop": 1651642384086}, {"name": "Selecting flight and compare fare", "status": "passed", "start": 1651642384086, "stop": 1651642402085}, {"name": "scrolling up", "status": "passed", "start": 1651642402085, "stop": 1651642411747}, {"name": "scrolling up", "status": "passed", "start": 1651642415791, "stop": 1651642424813}, {"name": "Clicking to check box", "status": "passed", "start": 1651642424814, "stop": 1651642425015}, {"name": "scrolling up", "status": "passed", "start": 1651642425015, "stop": 1651642434183}, {"name": "Filling travellers details", "status": "broken", "statusDetails": {"message": "selenium.common.exceptions.NoSuchElementException: Message: \n Element {/hierarchy/android.widget.FrameLayout/android.widget.LinearLayout/android.widget.FrameLayout/android.widget.LinearLayout/android.widget.FrameLayout/android.view.ViewGroup/android.widget.ScrollView/android.widget.LinearLayout/android.widget.LinearLayout/android.widget.FrameLayout[2]/android.widget.LinearLayout/android.widget.FrameLayout/android.widget.LinearLayout/android.widget.LinearLayout/android.widget.LinearLayout[1]/android.widget.FrameLayout/android.widget.TextView} was not present after 6 seconds!\n\n", "trace": "  File \"c:\\users\\pawan\\appdata\\local\\programs\\python\\python39\\lib\\site-packages\\allure_commons\\_allure.py\", line 172, in impl\n    return func(*a, **kw)\n  File \"E:\\BMT_Work\\BmtAppDemo\\src\\pages\\flight_search.py\", line 159, in fill_travellers_details\n    self.click(add_adult)\n  File \"c:\\users\\pawan\\appdata\\local\\programs\\python\\python39\\lib\\site-packages\\appiumbase\\fixtures\\base_case.py\", line 42, in click\n    element = page_actions.wait_for_element_visible(self.driver, selector, by, timeout=timeout)\n  File \"c:\\users\\pawan\\appdata\\local\\programs\\python\\python39\\lib\\site-packages\\appiumbase\\fixtures\\page_actions.py\", line 352, in wait_for_element_visible\n    timeout_exception(NoSuchElementException, message)\n  File \"c:\\users\\pawan\\appdata\\local\\programs\\python\\python39\\lib\\site-packages\\appiumbase\\fixtures\\page_actions.py\", line 161, in timeout_exception\n    raise exception(message)\n"}, "start": 1651642434187, "stop": 1651642444698}], "start": 1651642280440, "stop": 1651642447312, "uuid": "eced6d9d-c184-47cc-8e0d-2b9d11bdb468", "historyId": "613d6cb44d16a67711319702cad17dfa", "testCaseId": "3f4ee9e0e3810a0af2d73f9151beb00b", "fullName": "test.test_demo_application.MMT_Application_test#test_verify_flight_booking_with_special_fare_armed_forces", "labels": [{"name": "tag", "value": "success"}, {"name": "tag", "value": "all"}, {"name": "parentSuite", "value": "test"}, {"name": "suite", "value": "test_demo_application"}, {"name": "subSuite", "value": "MMT_Application_test"}, {"name": "host", "value": "BMT-LAP-105"}, {"name": "thread", "value": "12904-MainThread"}, {"name": "framework", "value": "pytest"}, {"name": "language", "value": "cpython3"}, {"name": "package", "value": "test.test_demo_application"}]}