{"name": "test_verify_flight_booking_with_special_fare_armed_forces", "status": "broken", "statusDetails": {"message": "selenium.common.exceptions.NoSuchElementException: Message: \n Element {/hierarchy/android.widget.FrameLayout/android.widget.LinearLayout/android.widget.FrameLayout/android.widget.LinearLayout/android.widget.FrameLayout/android.view.ViewGroup/android.widget.ScrollView/android.widget.LinearLayout/android.widget.LinearLayout/android.widget.FrameLayout[3]/android.widget.LinearLayout/android.widget.FrameLayout/android.widget.LinearLayout/android.widget.LinearLayout/android.widget.LinearLayout/android.widget.FrameLayout/android.widget.TextView} was not present after 6 seconds!", "trace": "self = <test.test_demo_application.MMT_Application_test testMethod=test_verify_flight_booking_with_special_fare_armed_forces>\n\n    @pytest.mark.all\n    @pytest.mark.success\n    def test_verify_flight_booking_with_special_fare_armed_forces(self):\n        self.enter_phone_number('7818915188')\n        self.click_on_continue_btn()\n        self.login_via_password()\n        self.enter_password('Freedom2022@')\n        self.click_on_submit_btn()\n        self.select_the_language()\n        self.click_on_continue()\n        self.verify_homepage()\n        self.click_on_flight()\n        self.validate_redirection_on_flight_search()\n        self.click_on_from()\n        self.select_city_from_to('Bangkok')\n        self.select_city_from_to('Bengaluru')\n        self.verify_city_name('Bangkok','Bengaluru')\n        self.click_on_departure_date()\n        self.select_date_of_departure()\n        self.click_on_done()\n        self.select_special_fare_option()\n        self.click_on_search_flight()\n        self.verify_special_fare_msg()\n        self.click_on_okay()\n        self.click_on_got_it()\n        self.select_flight_compare_fare()\n        self.scroll_up()\n        self.sleep(2)\n        self.scroll_up()\n        self.click_to_check_box()\n        self.scroll_up()\n        self.scroll_up()\n>       self.fill_travellers_details()\n\ntest\\test_demo_application.py:41: \n_ _ _ _ _ _ _ _ _ _ _ _ _ _ _ _ _ _ _ _ _ _ _ _ _ _ _ _ _ _ _ _ _ _ _ _ _ _ _ _ _ _ _ _ _ _ _ _ _ _ _ _ _ _ _ _ _ _ _ _ _ _ _ _ _ _ _ _ _ _ _ _ _ _ _ _ _ _ _ _ _ \nsrc\\pages\\flight_search.py:165: in fill_travellers_details\n    self.click(add_adult)\nc:\\users\\pawan\\appdata\\local\\programs\\python\\python39\\lib\\site-packages\\appiumbase\\fixtures\\base_case.py:42: in click\n    element = page_actions.wait_for_element_visible(self.driver, selector, by, timeout=timeout)\nc:\\users\\pawan\\appdata\\local\\programs\\python\\python39\\lib\\site-packages\\appiumbase\\fixtures\\page_actions.py:352: in wait_for_element_visible\n    timeout_exception(NoSuchElementException, message)\n_ _ _ _ _ _ _ _ _ _ _ _ _ _ _ _ _ _ _ _ _ _ _ _ _ _ _ _ _ _ _ _ _ _ _ _ _ _ _ _ _ _ _ _ _ _ _ _ _ _ _ _ _ _ _ _ _ _ _ _ _ _ _ _ _ _ _ _ _ _ _ _ _ _ _ _ _ _ _ _ _ \n\nexception = <class 'selenium.common.exceptions.NoSuchElementException'>\nmessage = '\\n Element {/hierarchy/android.widget.FrameLayout/android.widget.LinearLayout/android.widget.FrameLayout/android.widg...ayout/android.widget.LinearLayout/android.widget.FrameLayout/android.widget.TextView} was not present after 6 seconds!'\n\n    def timeout_exception(exception, message):\n        exception, message = s_utils.format_exc(exception, message)\n>       raise exception(message)\nE       selenium.common.exceptions.NoSuchElementException: Message: \nE        Element {/hierarchy/android.widget.FrameLayout/android.widget.LinearLayout/android.widget.FrameLayout/android.widget.LinearLayout/android.widget.FrameLayout/android.view.ViewGroup/android.widget.ScrollView/android.widget.LinearLayout/android.widget.LinearLayout/android.widget.FrameLayout[3]/android.widget.LinearLayout/android.widget.FrameLayout/android.widget.LinearLayout/android.widget.LinearLayout/android.widget.LinearLayout/android.widget.FrameLayout/android.widget.TextView} was not present after 6 seconds!\n\nc:\\users\\pawan\\appdata\\local\\programs\\python\\python39\\lib\\site-packages\\appiumbase\\fixtures\\page_actions.py:161: NoSuchElementException"}, "steps": [{"name": "Entering phone number", "status": "passed", "parameters": [{"name": "phone_number", "value": "'7818915188'"}], "start": 1651668049557, "stop": 1651668106801}, {"name": "Clicking on continue btn", "status": "passed", "start": 1651668106802, "stop": 1651668107642}, {"name": "Clicking on Login via Password", "status": "passed", "start": 1651668107642, "stop": 1651668113576}, {"name": "Entering password", "status": "passed", "parameters": [{"name": "password", "value": "'Freedom2022@'"}], "start": 1651668113576, "stop": 1651668117208}, {"name": "Clicking on submit btn", "status": "passed", "start": 1651668117208, "stop": 1651668118840}, {"name": "Selecting the language", "status": "passed", "start": 1651668118840, "stop": 1651668134686}, {"name": "Clicking on continue", "status": "passed", "start": 1651668134686, "stop": 1651668138339}, {"name": "Verifying homepage", "status": "passed", "start": 1651668138339, "stop": 1651668138423}, {"name": "Clicking on Flights", "status": "passed", "start": 1651668138423, "stop": 1651668142212}, {"name": "Validation redirection after click on flight", "status": "passed", "start": 1651668142214, "stop": 1651668147211}, {"name": "Clicking on from option", "status": "passed", "start": 1651668147211, "stop": 1651668147534}, {"name": "Selecting city", "status": "passed", "parameters": [{"name": "city", "value": "'Bangkok'"}], "start": 1651668147534, "stop": 1651668151159}, {"name": "Selecting city", "status": "passed", "parameters": [{"name": "city", "value": "'Bengaluru'"}], "start": 1651668151159, "stop": 1651668151432}, {"name": "Verifying selected city display correctly", "status": "passed", "parameters": [{"name": "city_from", "value": "'Bangkok'"}, {"name": "city_to", "value": "'Bengaluru'"}], "start": 1651668151435, "stop": 1651668154276}, {"name": "Clicking on departure date", "status": "passed", "start": 1651668154276, "stop": 1651668154544}, {"name": "Selecting date", "status": "passed", "start": 1651668154544, "stop": 1651668163396}, {"name": "Clicking on done after select date", "status": "passed", "start": 1651668163396, "stop": 1651668163781}, {"name": "Selecting special fare option", "status": "passed", "start": 1651668163782, "stop": 1651668165363}, {"name": "clicking on search flight", "status": "passed", "start": 1651668165364, "stop": 1651668165565}, {"name": "Verifying special fare message", "status": "passed", "start": 1651668165566, "stop": 1651668169750}, {"name": "Clicking on okay", "status": "passed", "start": 1651668169751, "stop": 1651668169945}, {"name": "Clicking on Got it btn", "status": "passed", "start": 1651668169946, "stop": 1651668179345}, {"name": "Selecting flight and compare fare", "status": "passed", "start": 1651668179349, "stop": 1651668198506}, {"name": "scrolling up", "status": "passed", "start": 1651668198507, "stop": 1651668207842}, {"name": "scrolling up", "status": "passed", "start": 1651668211893, "stop": 1651668221067}, {"name": "Clicking to check box", "status": "passed", "start": 1651668221067, "stop": 1651668221241}, {"name": "scrolling up", "status": "passed", "start": 1651668221241, "stop": 1651668230745}, {"name": "scrolling up", "status": "passed", "start": 1651668230746, "stop": 1651668240371}, {"name": "Filling travellers details", "status": "broken", "statusDetails": {"message": "selenium.common.exceptions.NoSuchElementException: Message: \n Element {/hierarchy/android.widget.FrameLayout/android.widget.LinearLayout/android.widget.FrameLayout/android.widget.LinearLayout/android.widget.FrameLayout/android.view.ViewGroup/android.widget.ScrollView/android.widget.LinearLayout/android.widget.LinearLayout/android.widget.FrameLayout[3]/android.widget.LinearLayout/android.widget.FrameLayout/android.widget.LinearLayout/android.widget.LinearLayout/android.widget.LinearLayout/android.widget.FrameLayout/android.widget.TextView} was not present after 6 seconds!\n\n", "trace": "  File \"c:\\users\\pawan\\appdata\\local\\programs\\python\\python39\\lib\\site-packages\\allure_commons\\_allure.py\", line 172, in impl\n    return func(*a, **kw)\n  File \"E:\\BMT_Work\\BmtAppDemo\\src\\pages\\flight_search.py\", line 165, in fill_travellers_details\n    self.click(add_adult)\n  File \"c:\\users\\pawan\\appdata\\local\\programs\\python\\python39\\lib\\site-packages\\appiumbase\\fixtures\\base_case.py\", line 42, in click\n    element = page_actions.wait_for_element_visible(self.driver, selector, by, timeout=timeout)\n  File \"c:\\users\\pawan\\appdata\\local\\programs\\python\\python39\\lib\\site-packages\\appiumbase\\fixtures\\page_actions.py\", line 352, in wait_for_element_visible\n    timeout_exception(NoSuchElementException, message)\n  File \"c:\\users\\pawan\\appdata\\local\\programs\\python\\python39\\lib\\site-packages\\appiumbase\\fixtures\\page_actions.py\", line 161, in timeout_exception\n    raise exception(message)\n"}, "start": 1651668240371, "stop": 1651668250819}], "start": 1651668049556, "stop": 1651668254972, "uuid": "0f0df889-7109-46d4-8e81-b2c8d166cfe8", "historyId": "613d6cb44d16a67711319702cad17dfa", "testCaseId": "3f4ee9e0e3810a0af2d73f9151beb00b", "fullName": "test.test_demo_application.MMT_Application_test#test_verify_flight_booking_with_special_fare_armed_forces", "labels": [{"name": "tag", "value": "all"}, {"name": "tag", "value": "success"}, {"name": "parentSuite", "value": "test"}, {"name": "suite", "value": "test_demo_application"}, {"name": "subSuite", "value": "MMT_Application_test"}, {"name": "host", "value": "BMT-LAP-105"}, {"name": "thread", "value": "13788-MainThread"}, {"name": "framework", "value": "pytest"}, {"name": "language", "value": "cpython3"}, {"name": "package", "value": "test.test_demo_application"}]}