{"name": "test_verify_flight_booking_with_special_fare_armed_forces", "status": "broken", "statusDetails": {"message": "selenium.common.exceptions.NoSuchElementException: Message: \n Element {//*[@text='Enter Mobile No./Email']} was not present after 10 seconds!", "trace": "self = <test.test_demo_application.MMT_Application_test testMethod=test_verify_flight_booking_with_special_fare_armed_forces>\n\n    @pytest.mark.all\n    @pytest.mark.success\n    def test_verify_flight_booking_with_special_fare_armed_forces(self):\n>       self.enter_phone_number('7818915188')\n\ntest\\test_demo_application.py:12: \n_ _ _ _ _ _ _ _ _ _ _ _ _ _ _ _ _ _ _ _ _ _ _ _ _ _ _ _ _ _ _ _ _ _ _ _ _ _ _ _ _ _ _ _ _ _ _ _ _ _ _ _ _ _ _ _ _ _ _ _ _ _ _ _ _ _ _ _ _ _ _ _ _ _ _ _ _ _ _ _ _ \nsrc\\pages\\login_page.py:15: in enter_phone_number\n    self.set_text(enter_phone_number, phone_number)\nc:\\users\\pawan\\appdata\\local\\programs\\python\\python39\\lib\\site-packages\\appiumbase\\fixtures\\base_case.py:754: in set_text\n    element = page_actions.wait_for_element_present(\nc:\\users\\pawan\\appdata\\local\\programs\\python\\python39\\lib\\site-packages\\appiumbase\\fixtures\\page_actions.py:302: in wait_for_element_present\n    timeout_exception(NoSuchElementException, message)\n_ _ _ _ _ _ _ _ _ _ _ _ _ _ _ _ _ _ _ _ _ _ _ _ _ _ _ _ _ _ _ _ _ _ _ _ _ _ _ _ _ _ _ _ _ _ _ _ _ _ _ _ _ _ _ _ _ _ _ _ _ _ _ _ _ _ _ _ _ _ _ _ _ _ _ _ _ _ _ _ _ \n\nexception = <class 'selenium.common.exceptions.NoSuchElementException'>\nmessage = \"\\n Element {//*[@text='Enter Mobile No./Email']} was not present after 10 seconds!\"\n\n    def timeout_exception(exception, message):\n        exception, message = s_utils.format_exc(exception, message)\n>       raise exception(message)\nE       selenium.common.exceptions.NoSuchElementException: Message: \nE        Element {//*[@text='Enter Mobile No./Email']} was not present after 10 seconds!\n\nc:\\users\\pawan\\appdata\\local\\programs\\python\\python39\\lib\\site-packages\\appiumbase\\fixtures\\page_actions.py:161: NoSuchElementException"}, "steps": [{"name": "Entering phone number", "status": "broken", "statusDetails": {"message": "selenium.common.exceptions.NoSuchElementException: Message: \n Element {//*[@text='Enter Mobile No./Email']} was not present after 10 seconds!\n\n", "trace": "  File \"c:\\users\\pawan\\appdata\\local\\programs\\python\\python39\\lib\\site-packages\\allure_commons\\_allure.py\", line 172, in impl\n    return func(*a, **kw)\n  File \"E:\\BMT_Work\\BmtAppDemo\\src\\pages\\login_page.py\", line 15, in enter_phone_number\n    self.set_text(enter_phone_number, phone_number)\n  File \"c:\\users\\pawan\\appdata\\local\\programs\\python\\python39\\lib\\site-packages\\appiumbase\\fixtures\\base_case.py\", line 754, in set_text\n    element = page_actions.wait_for_element_present(\n  File \"c:\\users\\pawan\\appdata\\local\\programs\\python\\python39\\lib\\site-packages\\appiumbase\\fixtures\\page_actions.py\", line 302, in wait_for_element_present\n    timeout_exception(NoSuchElementException, message)\n  File \"c:\\users\\pawan\\appdata\\local\\programs\\python\\python39\\lib\\site-packages\\appiumbase\\fixtures\\page_actions.py\", line 161, in timeout_exception\n    raise exception(message)\n"}, "parameters": [{"name": "phone_number", "value": "'7818915188'"}], "start": 1651661314938, "stop": 1651661362687}], "start": 1651661314937, "stop": 1651661364974, "uuid": "cbf5359e-037c-4076-961c-8daae8babf2b", "historyId": "613d6cb44d16a67711319702cad17dfa", "testCaseId": "3f4ee9e0e3810a0af2d73f9151beb00b", "fullName": "test.test_demo_application.MMT_Application_test#test_verify_flight_booking_with_special_fare_armed_forces", "labels": [{"name": "tag", "value": "all"}, {"name": "tag", "value": "success"}, {"name": "parentSuite", "value": "test"}, {"name": "suite", "value": "test_demo_application"}, {"name": "subSuite", "value": "MMT_Application_test"}, {"name": "host", "value": "BMT-LAP-105"}, {"name": "thread", "value": "10808-MainThread"}, {"name": "framework", "value": "pytest"}, {"name": "language", "value": "cpython3"}, {"name": "package", "value": "test.test_demo_application"}]}