{"name": "test_verify_flight_booking_with_special_fare_armed_forces", "status": "broken", "statusDetails": {"message": "selenium.common.exceptions.NoSuchElementException: Message: \n Element {/hierarchy/android.widget.FrameLayout/android.widget.LinearLayout/android.widget.FrameLayout/android.widget.LinearLayout/android.widget.FrameLayout/android.view.ViewGroup/android.widget.FrameLayout/android.view.ViewGroup/android.widget.ScrollView/android.widget.LinearLayout/android.widget.LinearLayout[3]/android.widget.LinearLayout/android.widget.LinearLayout/android.widget.RelativeLayout[1]/android.widget.TextView} was not present after 6 seconds!", "trace": "self = <test.test_demo_application.MMT_Application_test testMethod=test_verify_flight_booking_with_special_fare_armed_forces>\n\n    @pytest.mark.all\n    @pytest.mark.success\n    def test_verify_flight_booking_with_special_fare_armed_forces(self):\n        self.enter_phone_number('9818173207')\n        self.click_on_continue_btn()\n        self.login_via_password()\n        self.enter_password('Freedom2022@')\n        self.click_on_submit_btn()\n        self.select_the_language()\n        self.click_on_continue()\n        self.verify_homepage()\n        self.click_on_flight()\n        self.validate_redirection_on_flight_search()\n        self.click_on_from()\n        self.select_city_from_to('Bangkok')\n        self.select_city_from_to('Bengaluru')\n        self.verify_city_name('Bangkok','Bengaluru')\n        self.click_on_departure_date()\n        self.select_date_of_departure()\n        self.click_on_done()\n        self.click_on_traveller()\n        self.increase_child_passenger()\n        self.click_on_done()\n        self.select_special_fare_option()\n        self.click_on_search_flight()\n        self.verify_special_fare_msg()\n        self.click_on_okay()\n        #self.click_on_show_me()\n        self.click_on_got_it()\n        self.select_flight_compare_fare()\n        self.scroll_up()\n        self.sleep(2)\n        self.scroll_up()\n        self.click_to_check_box()\n        self.scroll_up()\n        self.scroll_up()\n>       self.fill_travellers_details()\n\ntest\\test_demo_application.py:45: \n_ _ _ _ _ _ _ _ _ _ _ _ _ _ _ _ _ _ _ _ _ _ _ _ _ _ _ _ _ _ _ _ _ _ _ _ _ _ _ _ _ _ _ _ _ _ _ _ _ _ _ _ _ _ _ _ _ _ _ _ _ _ _ _ _ _ _ _ _ _ _ _ _ _ _ _ _ _ _ _ _ \nsrc\\pages\\flight_search.py:174: in fill_travellers_details\n    self.click(male)\nc:\\users\\pawan\\appdata\\local\\programs\\python\\python39\\lib\\site-packages\\appiumbase\\fixtures\\base_case.py:42: in click\n    element = page_actions.wait_for_element_visible(self.driver, selector, by, timeout=timeout)\nc:\\users\\pawan\\appdata\\local\\programs\\python\\python39\\lib\\site-packages\\appiumbase\\fixtures\\page_actions.py:352: in wait_for_element_visible\n    timeout_exception(NoSuchElementException, message)\n_ _ _ _ _ _ _ _ _ _ _ _ _ _ _ _ _ _ _ _ _ _ _ _ _ _ _ _ _ _ _ _ _ _ _ _ _ _ _ _ _ _ _ _ _ _ _ _ _ _ _ _ _ _ _ _ _ _ _ _ _ _ _ _ _ _ _ _ _ _ _ _ _ _ _ _ _ _ _ _ _ \n\nexception = <class 'selenium.common.exceptions.NoSuchElementException'>\nmessage = '\\n Element {/hierarchy/android.widget.FrameLayout/android.widget.LinearLayout/android.widget.FrameLayout/android.widg...android.widget.LinearLayout/android.widget.RelativeLayout[1]/android.widget.TextView} was not present after 6 seconds!'\n\n    def timeout_exception(exception, message):\n        exception, message = s_utils.format_exc(exception, message)\n>       raise exception(message)\nE       selenium.common.exceptions.NoSuchElementException: Message: \nE        Element {/hierarchy/android.widget.FrameLayout/android.widget.LinearLayout/android.widget.FrameLayout/android.widget.LinearLayout/android.widget.FrameLayout/android.view.ViewGroup/android.widget.FrameLayout/android.view.ViewGroup/android.widget.ScrollView/android.widget.LinearLayout/android.widget.LinearLayout[3]/android.widget.LinearLayout/android.widget.LinearLayout/android.widget.RelativeLayout[1]/android.widget.TextView} was not present after 6 seconds!\n\nc:\\users\\pawan\\appdata\\local\\programs\\python\\python39\\lib\\site-packages\\appiumbase\\fixtures\\page_actions.py:161: NoSuchElementException"}, "steps": [{"name": "Entering phone number", "status": "passed", "parameters": [{"name": "phone_number", "value": "'9818173207'"}], "start": 1651647454868, "stop": 1651647482781}, {"name": "Clicking on continue btn", "status": "passed", "start": 1651647482782, "stop": 1651647483567}, {"name": "Clicking on Login via Password", "status": "passed", "start": 1651647483568, "stop": 1651647488053}, {"name": "Entering password", "status": "passed", "parameters": [{"name": "password", "value": "'Freedom2022@'"}], "start": 1651647488053, "stop": 1651647490987}, {"name": "Clicking on submit btn", "status": "passed", "start": 1651647490987, "stop": 1651647492220}, {"name": "Selecting the language", "status": "passed", "start": 1651647492221, "stop": 1651647506906}, {"name": "Clicking on continue", "status": "passed", "start": 1651647506906, "stop": 1651647510565}, {"name": "Verifying homepage", "status": "passed", "start": 1651647510565, "stop": 1651647510617}, {"name": "Clicking on Flights", "status": "passed", "start": 1651647510617, "stop": 1651647511096}, {"name": "Validation redirection after click on flight", "status": "passed", "start": 1651647511096, "stop": 1651647515517}, {"name": "Clicking on from option", "status": "passed", "start": 1651647515518, "stop": 1651647515861}, {"name": "Selecting city", "status": "passed", "parameters": [{"name": "city", "value": "'Bangkok'"}], "start": 1651647515861, "stop": 1651647519300}, {"name": "Selecting city", "status": "passed", "parameters": [{"name": "city", "value": "'Bengaluru'"}], "start": 1651647519301, "stop": 1651647519583}, {"name": "Verifying selected city display correctly", "status": "passed", "parameters": [{"name": "city_from", "value": "'Bangkok'"}, {"name": "city_to", "value": "'Bengaluru'"}], "start": 1651647519583, "stop": 1651647522197}, {"name": "Clicking on departure date", "status": "passed", "start": 1651647522197, "stop": 1651647523109}, {"name": "Selecting date", "status": "passed", "start": 1651647523109, "stop": 1651647532257}, {"name": "Clicking on done after select date", "status": "passed", "start": 1651647532258, "stop": 1651647534009}, {"name": "Clicking on travellers & class", "status": "passed", "start": 1651647534009, "stop": 1651647534262}, {"name": "Increasing one child passenger", "status": "passed", "start": 1651647534262, "stop": 1651647536583}, {"name": "Clicking on done after select date", "status": "passed", "start": 1651647536583, "stop": 1651647539262}, {"name": "Selecting special fare option", "status": "passed", "start": 1651647539262, "stop": 1651647539564}, {"name": "clicking on search flight", "status": "passed", "start": 1651647539564, "stop": 1651647540289}, {"name": "Verifying special fare message", "status": "passed", "start": 1651647540289, "stop": 1651647544514}, {"name": "Clicking on okay", "status": "passed", "start": 1651647544515, "stop": 1651647545113}, {"name": "Clicking on Got it btn", "status": "passed", "start": 1651647545114, "stop": 1651647557034}, {"name": "Selecting flight and compare fare", "status": "passed", "start": 1651647557035, "stop": 1651647575657}, {"name": "scrolling up", "status": "passed", "start": 1651647575658, "stop": 1651647585165}, {"name": "scrolling up", "status": "passed", "start": 1651647589170, "stop": 1651647598274}, {"name": "Clicking to check box", "status": "passed", "start": 1651647598275, "stop": 1651647599022}, {"name": "scrolling up", "status": "passed", "start": 1651647599022, "stop": 1651647608179}, {"name": "scrolling up", "status": "passed", "start": 1651647608180, "stop": 1651647617351}, {"name": "Filling travellers details", "status": "broken", "statusDetails": {"message": "selenium.common.exceptions.NoSuchElementException: Message: \n Element {/hierarchy/android.widget.FrameLayout/android.widget.LinearLayout/android.widget.FrameLayout/android.widget.LinearLayout/android.widget.FrameLayout/android.view.ViewGroup/android.widget.FrameLayout/android.view.ViewGroup/android.widget.ScrollView/android.widget.LinearLayout/android.widget.LinearLayout[3]/android.widget.LinearLayout/android.widget.LinearLayout/android.widget.RelativeLayout[1]/android.widget.TextView} was not present after 6 seconds!\n\n", "trace": "  File \"c:\\users\\pawan\\appdata\\local\\programs\\python\\python39\\lib\\site-packages\\allure_commons\\_allure.py\", line 172, in impl\n    return func(*a, **kw)\n  File \"E:\\BMT_Work\\BmtAppDemo\\src\\pages\\flight_search.py\", line 174, in fill_travellers_details\n    self.click(male)\n  File \"c:\\users\\pawan\\appdata\\local\\programs\\python\\python39\\lib\\site-packages\\appiumbase\\fixtures\\base_case.py\", line 42, in click\n    element = page_actions.wait_for_element_visible(self.driver, selector, by, timeout=timeout)\n  File \"c:\\users\\pawan\\appdata\\local\\programs\\python\\python39\\lib\\site-packages\\appiumbase\\fixtures\\page_actions.py\", line 352, in wait_for_element_visible\n    timeout_exception(NoSuchElementException, message)\n  File \"c:\\users\\pawan\\appdata\\local\\programs\\python\\python39\\lib\\site-packages\\appiumbase\\fixtures\\page_actions.py\", line 161, in timeout_exception\n    raise exception(message)\n"}, "steps": [{"name": "scrolling up", "status": "passed", "start": 1651647630241, "stop": 1651647639809}], "start": 1651647617351, "stop": 1651647646288}], "start": 1651647454867, "stop": 1651647648310, "uuid": "20e7e9a8-1bb2-44ce-a6e3-54b3d80e7954", "historyId": "613d6cb44d16a67711319702cad17dfa", "testCaseId": "3f4ee9e0e3810a0af2d73f9151beb00b", "fullName": "test.test_demo_application.MMT_Application_test#test_verify_flight_booking_with_special_fare_armed_forces", "labels": [{"name": "tag", "value": "all"}, {"name": "tag", "value": "success"}, {"name": "parentSuite", "value": "test"}, {"name": "suite", "value": "test_demo_application"}, {"name": "subSuite", "value": "MMT_Application_test"}, {"name": "host", "value": "BMT-LAP-105"}, {"name": "thread", "value": "5852-MainThread"}, {"name": "framework", "value": "pytest"}, {"name": "language", "value": "cpython3"}, {"name": "package", "value": "test.test_demo_application"}]}