{"name": "test_verify_flight_booking_with_special_fare_armed_forces", "status": "broken", "statusDetails": {"message": "selenium.common.exceptions.NoSuchElementException: Message: \n Element {com.makemytrip:id/tv_final_fare} was not present after 6 seconds!", "trace": "self = <test.test_demo_application.MMT_Application_test testMethod=test_verify_flight_booking_with_special_fare_armed_forces>\n\n    @pytest.mark.all\n    @pytest.mark.success\n    def test_verify_flight_booking_with_special_fare_armed_forces(self):\n        self.enter_phone_number('7818915188')\n        self.click_on_continue_btn()\n        self.login_via_password()\n        self.enter_password('Freedom2022@')\n        self.click_on_submit_btn()\n        self.select_the_language()\n        self.click_on_continue()\n        self.verify_homepage()\n        self.click_on_flight()\n        self.validate_redirection_on_flight_search()\n        self.click_on_from()\n        self.select_city_from_to('Bangkok')\n        self.select_city_from_to('Bengaluru')\n        self.verify_city_name('Bangkok','Bengaluru')\n        self.click_on_departure_date()\n        self.select_date_of_departure()\n        self.click_on_done()\n        self.select_special_fare_option()\n        self.click_on_search_flight()\n        self.verify_special_fare_msg()\n        self.click_on_okay()\n        self.click_on_got_it()\n>       self.select_flight_compare_fare()\n\ntest\\test_demo_application.py:34: \n_ _ _ _ _ _ _ _ _ _ _ _ _ _ _ _ _ _ _ _ _ _ _ _ _ _ _ _ _ _ _ _ _ _ _ _ _ _ _ _ _ _ _ _ _ _ _ _ _ _ _ _ _ _ _ _ _ _ _ _ _ _ _ _ _ _ _ _ _ _ _ _ _ _ _ _ _ _ _ _ _ \nsrc\\pages\\flight_search.py:127: in select_flight_compare_fare\n    final_fares = self.get_attribute(final_fare, 'text')\nc:\\users\\pawan\\appdata\\local\\programs\\python\\python39\\lib\\site-packages\\appiumbase\\fixtures\\base_case.py:412: in get_attribute\n    element = page_actions.wait_for_element_present(\nc:\\users\\pawan\\appdata\\local\\programs\\python\\python39\\lib\\site-packages\\appiumbase\\fixtures\\page_actions.py:302: in wait_for_element_present\n    timeout_exception(NoSuchElementException, message)\n_ _ _ _ _ _ _ _ _ _ _ _ _ _ _ _ _ _ _ _ _ _ _ _ _ _ _ _ _ _ _ _ _ _ _ _ _ _ _ _ _ _ _ _ _ _ _ _ _ _ _ _ _ _ _ _ _ _ _ _ _ _ _ _ _ _ _ _ _ _ _ _ _ _ _ _ _ _ _ _ _ \n\nexception = <class 'selenium.common.exceptions.NoSuchElementException'>, message = '\\n Element {com.makemytrip:id/tv_final_fare} was not present after 6 seconds!'\n\n    def timeout_exception(exception, message):\n        exception, message = s_utils.format_exc(exception, message)\n>       raise exception(message)\nE       selenium.common.exceptions.NoSuchElementException: Message: \nE        Element {com.makemytrip:id/tv_final_fare} was not present after 6 seconds!\n\nc:\\users\\pawan\\appdata\\local\\programs\\python\\python39\\lib\\site-packages\\appiumbase\\fixtures\\page_actions.py:161: NoSuchElementException"}, "steps": [{"name": "Entering phone number", "status": "passed", "parameters": [{"name": "phone_number", "value": "'7818915188'"}], "start": 1651668584688, "stop": 1651668615793}, {"name": "Clicking on continue btn", "status": "passed", "start": 1651668615808, "stop": 1651668617080}, {"name": "Clicking on Login via Password", "status": "passed", "start": 1651668617080, "stop": 1651668623726}, {"name": "Entering password", "status": "passed", "parameters": [{"name": "password", "value": "'Freedom2022@'"}], "start": 1651668623729, "stop": 1651668626278}, {"name": "Clicking on submit btn", "status": "passed", "start": 1651668626280, "stop": 1651668627999}, {"name": "Selecting the language", "status": "passed", "start": 1651668628000, "stop": 1651668642981}, {"name": "Clicking on continue", "status": "passed", "start": 1651668642982, "stop": 1651668647051}, {"name": "Verifying homepage", "status": "passed", "start": 1651668647051, "stop": 1651668647130}, {"name": "Clicking on Flights", "status": "passed", "start": 1651668647130, "stop": 1651668650776}, {"name": "Validation redirection after click on flight", "status": "passed", "start": 1651668650776, "stop": 1651668654894}, {"name": "Clicking on from option", "status": "passed", "start": 1651668654895, "stop": 1651668655192}, {"name": "Selecting city", "status": "passed", "parameters": [{"name": "city", "value": "'Bangkok'"}], "start": 1651668655193, "stop": 1651668658519}, {"name": "Selecting city", "status": "passed", "parameters": [{"name": "city", "value": "'Bengaluru'"}], "start": 1651668658519, "stop": 1651668658819}, {"name": "Verifying selected city display correctly", "status": "passed", "parameters": [{"name": "city_from", "value": "'Bangkok'"}, {"name": "city_to", "value": "'Bengaluru'"}], "start": 1651668658820, "stop": 1651668661629}, {"name": "Clicking on departure date", "status": "passed", "start": 1651668661629, "stop": 1651668661927}, {"name": "Selecting date", "status": "passed", "start": 1651668661927, "stop": 1651668670833}, {"name": "Clicking on done after select date", "status": "passed", "start": 1651668670833, "stop": 1651668671812}, {"name": "Selecting special fare option", "status": "passed", "start": 1651668671813, "stop": 1651668672708}, {"name": "clicking on search flight", "status": "passed", "start": 1651668672709, "stop": 1651668672860}, {"name": "Verifying special fare message", "status": "passed", "start": 1651668672861, "stop": 1651668676980}, {"name": "Clicking on okay", "status": "passed", "start": 1651668676980, "stop": 1651668677113}, {"name": "Clicking on Got it btn", "status": "passed", "start": 1651668677113, "stop": 1651668688182}, {"name": "Selecting flight and compare fare", "status": "broken", "statusDetails": {"message": "selenium.common.exceptions.NoSuchElementException: Message: \n Element {com.makemytrip:id/tv_final_fare} was not present after 6 seconds!\n\n", "trace": "  File \"c:\\users\\pawan\\appdata\\local\\programs\\python\\python39\\lib\\site-packages\\allure_commons\\_allure.py\", line 172, in impl\n    return func(*a, **kw)\n  File \"E:\\BMT_Work\\BmtAppDemo\\src\\pages\\flight_search.py\", line 127, in select_flight_compare_fare\n    final_fares = self.get_attribute(final_fare, 'text')\n  File \"c:\\users\\pawan\\appdata\\local\\programs\\python\\python39\\lib\\site-packages\\appiumbase\\fixtures\\base_case.py\", line 412, in get_attribute\n    element = page_actions.wait_for_element_present(\n  File \"c:\\users\\pawan\\appdata\\local\\programs\\python\\python39\\lib\\site-packages\\appiumbase\\fixtures\\page_actions.py\", line 302, in wait_for_element_present\n    timeout_exception(NoSuchElementException, message)\n  File \"c:\\users\\pawan\\appdata\\local\\programs\\python\\python39\\lib\\site-packages\\appiumbase\\fixtures\\page_actions.py\", line 161, in timeout_exception\n    raise exception(message)\n"}, "start": 1651668688183, "stop": 1651668709508}], "start": 1651668584687, "stop": 1651668711971, "uuid": "f0d87d33-9fe9-4a93-81ce-35f041a0d9ce", "historyId": "613d6cb44d16a67711319702cad17dfa", "testCaseId": "3f4ee9e0e3810a0af2d73f9151beb00b", "fullName": "test.test_demo_application.MMT_Application_test#test_verify_flight_booking_with_special_fare_armed_forces", "labels": [{"name": "tag", "value": "success"}, {"name": "tag", "value": "all"}, {"name": "parentSuite", "value": "test"}, {"name": "suite", "value": "test_demo_application"}, {"name": "subSuite", "value": "MMT_Application_test"}, {"name": "host", "value": "BMT-LAP-105"}, {"name": "thread", "value": "12792-MainThread"}, {"name": "framework", "value": "pytest"}, {"name": "language", "value": "cpython3"}, {"name": "package", "value": "test.test_demo_application"}]}